2025-11-03T00:50:30.501355117Z server/services/notification-service.ts(3,54): error TS2305: Module '"../../shared/schema/index.js"' has no exported member 'EventType'.
2025-11-03T00:50:30.501358897Z server/services/notification-service.ts(5,3): error TS2305: Module '"../../shared/schema/index.js"' has no exported member 'NotificationEvent'.
2025-11-03T00:50:30.501371608Z server/services/notification-service.ts(6,3): error TS2305: Module '"../../shared/schema/index.js"' has no exported member 'InsertNotificationEvent'.
2025-11-03T00:50:30.501373919Z server/services/notification-service.ts(7,3): error TS2305: Module '"../../shared/schema/index.js"' has no exported member 'UserNotificationPreferences'.
2025-11-03T00:50:30.501379429Z server/services/notification-service.ts(8,3): error TS2305: Module '"../../shared/schema/index.js"' has no exported member 'StatusUpdate'.
2025-11-03T00:50:30.501381759Z server/services/notification-service.ts(9,3): error TS2305: Module '"../../shared/schema/index.js"' has no exported member 'InsertStatusUpdate'.
2025-11-03T00:50:30.501386109Z server/services/notification-service.ts(162,72): error TS2345: Argument of type 'string | number | symbol' is not assignable to parameter of type 'string'.
2025-11-03T00:50:30.50138874Z   Type 'number' is not assignable to type 'string'.
2025-11-03T00:50:30.50139105Z server/services/notification-service.ts(187,40): error TS2339: Property 'createNotification' does not exist on type '{ get: (key: string) => Promise<any>; set: (key: string, value: any) => Promise<void>; delete: (key: string) => Promise<void>; }'.
2025-11-03T00:50:30.501410522Z server/services/notification-service.ts(222,40): error TS2339: Property 'createStatusUpdate' does not exist on type '{ get: (key: string) => Promise<any>; set: (key: string, value: any) => Promise<void>; delete: (key: string) => Promise<void>; }'.
2025-11-03T00:50:30.501415252Z server/services/notification-service.ts(268,33): error TS2339: Property 'getAllUsers' does not exist on type '{ get: (key: string) => Promise<any>; set: (key: string, value: any) => Promise<void>; delete: (key: string) => Promise<void>; }'.
2025-11-03T00:50:30.501417742Z server/services/notification-service.ts(310,40): error TS2339: Property 'createNotification' does not exist on type '{ get: (key: string) => Promise<any>; set: (key: string, value: any) => Promise<void>; delete: (key: string) => Promise<void>; }'.
2025-11-03T00:50:30.501420112Z server/services/notification-service.ts(337,20): error TS2339: Property 'getNotifications' does not exist on type '{ get: (key: string) => Promise<any>; set: (key: string, value: any) => Promise<void>; delete: (key: string) => Promise<void>; }'.
2025-11-03T00:50:30.501426263Z server/services/notification-service.ts(344,19): error TS2339: Property 'markNotificationAsRead' does not exist on type '{ get: (key: string) => Promise<any>; set: (key: string, value: any) => Promise<void>; delete: (key: string) => Promise<void>; }'.
2025-11-03T00:50:30.501429323Z server/services/notification-service.ts(347,40): error TS2339: Property 'getNotification' does not exist on type '{ get: (key: string) => Promise<any>; set: (key: string, value: any) => Promise<void>; delete: (key: string) => Promise<void>; }'.
2025-11-03T00:50:30.501431933Z server/services/notification-service.ts(358,19): error TS2339: Property 'markAllNotificationsAsRead' does not exist on type '{ get: (key: string) => Promise<any>; set: (key: string, value: any) => Promise<void>; delete: (key: string) => Promise<void>; }'.
2025-11-03T00:50:30.501437954Z server/services/notification-service.ts(369,37): error TS2339: Property 'getUserNotificationPreferences' does not exist on type '{ get: (key: string) => Promise<any>; set: (key: string, value: any) => Promise<void>; delete: (key: string) => Promise<void>; }'.
2025-11-03T00:50:30.501441794Z server/services/notification-service.ts(373,35): error TS2339: Property 'createUserNotificationPreferences' does not exist on type '{ get: (key: string) => Promise<any>; set: (key: string, value: any) => Promise<void>; delete: (key: string) => Promise<void>; }'.
2025-11-03T00:50:30.501447774Z server/services/notification-service.ts(400,19): error TS2339: Property 'updateUserNotificationPreferences' does not exist on type '{ get: (key: string) => Promise<any>; set: (key: string, value: any) => Promise<void>; delete: (key: string) => Promise<void>; }'.
2025-11-03T00:50:30.501456335Z server/services/notification-service.ts(407,20): error TS2339: Property 'getUnreadNotificationCount' does not exist on type '{ get: (key: string) => Promise<any>; set: (key: string, value: any) => Promise<void>; delete: (key: string) => Promise<void>; }'.
2025-11-03T00:50:30.501458195Z server/services/notification-service.ts(464,19): error TS2339: Property 'markNotificationAsRead' does not exist on type '{ get: (key: string) => Promise<any>; set: (key: string, value: any) => Promise<void>; delete: (key: string) => Promise<void>; }'.
2025-11-03T00:50:30.501484607Z server/services/npr-integration.ts(179,21): error TS2339: Property 'createSecurityEvent' does not exist on type '{ get: (key: string) => Promise<any>; set: (key: string, value: any) => Promise<void>; delete: (key: string) => Promise<void>; }'.
2025-11-03T00:50:30.501487978Z server/services/npr-integration.ts(228,23): error TS2339: Property 'createSecurityEvent' does not exist on type '{ get: (key: string) => Promise<any>; set: (key: string, value: any) => Promise<void>; delete: (key: string) => Promise<void>; }'.
2025-11-03T00:50:30.501490198Z server/services/npr-integration.ts(272,23): error TS2339: Property 'createSecurityEvent' does not exist on type '{ get: (key: string) => Promise<any>; set: (key: string, value: any) => Promise<void>; delete: (key: string) => Promise<void>; }'.
2025-11-03T00:50:30.501494998Z server/services/npr-integration.ts(371,21): error TS2339: Property 'createSecurityEvent' does not exist on type '{ get: (key: string) => Promise<any>; set: (key: string, value: any) => Promise<void>; delete: (key: string) => Promise<void>; }'.
2025-11-03T00:50:30.501498549Z server/services/ocr-autofill.ts(266,40): error TS2339: Property 'getDocument' does not exist on type '{ get: (key: string) => Promise<any>; set: (key: string, value: any) => Promise<void>; delete: (key: string) => Promise<void>; }'.
2025-11-03T00:50:30.501503139Z server/services/ocr-autofill.ts(286,38): error TS2339: Property 'getDocument' does not exist on type '{ get: (key: string) => Promise<any>; set: (key: string, value: any) => Promise<void>; delete: (key: string) => Promise<void>; }'.
2025-11-03T00:50:30.501505299Z server/services/ocr-autofill.ts(537,40): error TS2339: Property 'getDocument' does not exist on type '{ get: (key: string) => Promise<any>; set: (key: string, value: any) => Promise<void>; delete: (key: string) => Promise<void>; }'.
2025-11-03T00:50:30.50152428Z server/services/ocr-autofill.ts(552,21): error TS2339: Property 'createSecurityEvent' does not exist on type '{ get: (key: string) => Promise<any>; set: (key: string, value: any) => Promise<void>; delete: (key: string) => Promise<void>; }'.
2025-11-03T00:50:30.501526641Z server/services/official-dha-api.ts(6,10): error TS2305: Module '"../../shared/schema/index.js"' has no exported member 'AuditAction'.
2025-11-03T00:50:30.501559103Z server/services/official-dha-api.ts(223,45): error TS2345: Argument of type '(config: AxiosRequestConfig) => AxiosRequestConfig' is not assignable to parameter of type '(value: InternalAxiosRequestConfig<any>) => InternalAxiosRequestConfig<any> | Promise<InternalAxiosRequestConfig<any>>'.
2025-11-03T00:50:30.501562184Z   Type 'AxiosRequestConfig<any>' is not assignable to type 'InternalAxiosRequestConfig<any> | Promise<InternalAxiosRequestConfig<any>>'.
2025-11-03T00:50:30.501564594Z     Type 'AxiosRequestConfig<any>' is not assignable to type 'InternalAxiosRequestConfig<any>'.
2025-11-03T00:50:30.501567274Z       Types of property 'headers' are incompatible.
2025-11-03T00:50:30.501569544Z         Type 'AxiosHeaders | (Partial<RawAxiosHeaders & { Authorization: AxiosHeaderValue; Accept: AxiosHeaderValue; "Content-Length": AxiosHeaderValue; "User-Agent": AxiosHeaderValue; "Content-Encoding": AxiosHeaderValue; } & { ...; }> & Partial<...>)' is not assignable to type 'AxiosRequestHeaders'.
2025-11-03T00:50:30.501577225Z           Type 'Partial<RawAxiosHeaders & { Authorization: AxiosHeaderValue; Accept: AxiosHeaderValue; "Content-Length": AxiosHeaderValue; "User-Agent": AxiosHeaderValue; "Content-Encoding": AxiosHeaderValue; } & { ...; }> & Partial<...>' is not assignable to type 'AxiosRequestHeaders'.
2025-11-03T00:50:30.501580735Z             Type 'Partial<RawAxiosHeaders & { Authorization: AxiosHeaderValue; Accept: AxiosHeaderValue; "Content-Length": AxiosHeaderValue; "User-Agent": AxiosHeaderValue; "Content-Encoding": AxiosHeaderValue; } & { ...; }> & Partial<...>' is missing the following properties from type 'AxiosHeaders': set, has, clear, normalize, and 22 more.
2025-11-03T00:50:30.501582855Z server/services/official-dha-api.ts(224,46): error TS2345: Argument of type '(config: AxiosRequestConfig) => AxiosRequestConfig' is not assignable to parameter of type '(value: InternalAxiosRequestConfig<any>) => InternalAxiosRequestConfig<any> | Promise<InternalAxiosRequestConfig<any>>'.
2025-11-03T00:50:30.501585105Z   Type 'AxiosRequestConfig<any>' is not assignable to type 'InternalAxiosRequestConfig<any> | Promise<InternalAxiosRequestConfig<any>>'.
2025-11-03T00:50:30.501587266Z     Type 'AxiosRequestConfig<any>' is not assignable to type 'InternalAxiosRequestConfig<any>'.
2025-11-03T00:50:30.501589406Z       Types of property 'headers' are incompatible.
2025-11-03T00:50:30.501591586Z         Type 'AxiosHeaders | (Partial<RawAxiosHeaders & { Authorization: AxiosHeaderValue; Accept: AxiosHeaderValue; "Content-Length": AxiosHeaderValue; "User-Agent": AxiosHeaderValue; "Content-Encoding": AxiosHeaderValue; } & { ...; }> & Partial<...>)' is not assignable to type 'AxiosRequestHeaders'.
2025-11-03T00:50:30.501593746Z           Type 'Partial<RawAxiosHeaders & { Authorization: AxiosHeaderValue; Accept: AxiosHeaderValue; "Content-Length": AxiosHeaderValue; "User-Agent": AxiosHeaderValue; "Content-Encoding": AxiosHeaderValue; } & { ...; }> & Partial<...>' is not assignable to type 'AxiosRequestHeaders'.
2025-11-03T00:50:30.501595926Z             Type 'Partial<RawAxiosHeaders & { Authorization: AxiosHeaderValue; Accept: AxiosHeaderValue; "Content-Length": AxiosHeaderValue; "User-Agent": AxiosHeaderValue; "Content-Encoding": AxiosHeaderValue; } & { ...; }> & Partial<...>' is missing the following properties from type 'AxiosHeaders': set, has, clear, normalize, and 22 more.
2025-11-03T00:50:30.501606157Z server/services/official-dha-api.ts(225,45): error TS2345: Argument of type '(config: AxiosRequestConfig) => AxiosRequestConfig' is not assignable to parameter of type '(value: InternalAxiosRequestConfig<any>) => InternalAxiosRequestConfig<any> | Promise<InternalAxiosRequestConfig<any>>'.
2025-11-03T00:50:30.501608867Z   Type 'AxiosRequestConfig<any>' is not assignable to type 'InternalAxiosRequestConfig<any> | Promise<InternalAxiosRequestConfig<any>>'.
2025-11-03T00:50:30.501610958Z     Type 'AxiosRequestConfig<any>' is not assignable to type 'InternalAxiosRequestConfig<any>'.
2025-11-03T00:50:30.501613068Z       Types of property 'headers' are incompatible.
2025-11-03T00:50:30.501615188Z         Type 'AxiosHeaders | (Partial<RawAxiosHeaders & { Authorization: AxiosHeaderValue; Accept: AxiosHeaderValue; "Content-Length": AxiosHeaderValue; "User-Agent": AxiosHeaderValue; "Content-Encoding": AxiosHeaderValue; } & { ...; }> & Partial<...>)' is not assignable to type 'AxiosRequestHeaders'.
2025-11-03T00:50:30.501617408Z           Type 'Partial<RawAxiosHeaders & { Authorization: AxiosHeaderValue; Accept: AxiosHeaderValue; "Content-Length": AxiosHeaderValue; "User-Agent": AxiosHeaderValue; "Content-Encoding": AxiosHeaderValue; } & { ...; }> & Partial<...>' is not assignable to type 'AxiosRequestHeaders'.
2025-11-03T00:50:30.501625209Z             Type 'Partial<RawAxiosHeaders & { Authorization: AxiosHeaderValue; Accept: AxiosHeaderValue; "Content-Length": AxiosHeaderValue; "User-Agent": AxiosHeaderValue; "Content-Encoding": AxiosHeaderValue; } & { ...; }> & Partial<...>' is missing the following properties from type 'AxiosHeaders': set, has, clear, normalize, and 22 more.
2025-11-03T00:50:30.501627539Z server/services/official-dha-api.ts(327,21): error TS2339: Property 'createAuditLog' does not exist on type '{ get: (key: string) => Promise<any>; set: (key: string, value: any) => Promise<void>; delete: (key: string) => Promise<void>; }'.
2025-11-03T00:50:30.501629689Z server/services/official-dha-api.ts(382,7): error TS2322: Type '{ timestamp: string; verified?: boolean; details?: { idNumber?: string; dateOfBirth?: string; gender?: string; citizenship?: string; fullName?: string; }; citizen?: boolean; }' is not assignable to type 'IdentityVerificationResponse'.
2025-11-03T00:50:30.501631919Z   Property 'verified' is optional in type '{ timestamp: string; verified?: boolean; details?: { idNumber?: string; dateOfBirth?: string; gender?: string; citizenship?: string; fullName?: string; }; citizen?: boolean; }' but required in type 'IdentityVerificationResponse'.
2025-11-03T00:50:30.50164186Z server/services/official-dha-api.ts(441,7): error TS2322: Type '{ details: any; timestamp: string; confidence?: number; matchScore?: number; validated?: boolean; }' is not assignable to type 'BiometricValidationResponse'.
2025-11-03T00:50:30.50164516Z   Property 'validated' is optional in type '{ details: any; timestamp: string; confidence?: number; matchScore?: number; validated?: boolean; }' but required in type 'BiometricValidationResponse'.
2025-11-03T00:50:30.50164749Z server/services/optimized-cache.ts(1,33): error TS2307: Cannot find module 'lru-cache' or its corresponding type declarations.
2025-11-03T00:50:30.501649691Z server/services/optimized-cache.ts(256,22): error TS2345: Argument of type 'unknown' is not assignable to parameter of type 'string'.
2025-11-03T00:50:30.501651871Z server/services/optimized-cache.ts(257,21): error TS2345: Argument of type 'unknown' is not assignable to parameter of type 'string'.
2025-11-03T00:50:30.501659882Z server/services/optimized-cache.ts(377,44): error TS2345: Argument of type 'unknown' is not assignable to parameter of type 'string'.
2025-11-03T00:50:30.501662172Z server/services/payment-gateway.ts(613,19): error TS2339: Property 'createSecurityEvent' does not exist on type '{ get: (key: string) => Promise<any>; set: (key: string, value: any) => Promise<void>; delete: (key: string) => Promise<void>; }'.
2025-11-03T00:50:30.501664332Z server/services/pdf-generation-service.ts(13,19): error TS2307: Cannot find module 'jspdf' or its corresponding type declarations.
2025-11-03T00:50:30.501666482Z server/services/performance-documentation.ts(111,14): error TS2323: Cannot redeclare exported variable 'PerformanceDocumentationService'.
2025-11-03T00:50:30.501668962Z server/services/performance-documentation.ts(329,33): error TS2339: Property 'realisticTargets' does not exist on type 'PerformanceDocumentationService'.
2025-11-03T00:50:30.501673332Z server/services/performance-documentation.ts(345,33): error TS2339: Property 'realisticTargets' does not exist on type 'PerformanceDocumentationService'.
2025-11-03T00:50:30.501680663Z server/services/performance-documentation.ts(361,33): error TS2339: Property 'realisticTargets' does not exist on type 'PerformanceDocumentationService'.
2025-11-03T00:50:30.501682843Z server/services/performance-documentation.ts(377,33): error TS2339: Property 'realisticTargets' does not exist on type 'PerformanceDocumentationService'.
2025-11-03T00:50:30.501685013Z server/services/performance-documentation.ts(393,40): error TS2339: Property 'realisticTargets' does not exist on type 'PerformanceDocumentationService'.
2025-11-03T00:50:30.501691644Z server/services/performance-documentation.ts(394,37): error TS2339: Property 'realisticTargets' does not exist on type 'PerformanceDocumentationService'.
2025-11-03T00:50:30.501702095Z server/services/performance-documentation.ts(397,36): error TS2339: Property 'realisticTargets' does not exist on type 'PerformanceDocumentationService'.
2025-11-03T00:50:30.501705275Z server/services/performance-documentation.ts(435,38): error TS2339: Property 'realisticTargets' does not exist on type 'PerformanceDocumentationService'.
2025-11-03T00:50:30.501707045Z server/services/performance-documentation.ts(459,35): error TS2339: Property 'realisticTargets' does not exist on type 'PerformanceDocumentationService'.
2025-11-03T00:50:30.501710986Z server/services/performance-documentation.ts(507,34): error TS2339: Property 'realisticTargets' does not exist on type 'PerformanceDocumentationService'.
2025-11-03T00:50:30.501712736Z server/services/performance-documentation.ts(508,32): error TS2339: Property 'realisticTargets' does not exist on type 'PerformanceDocumentationService'.
2025-11-03T00:50:30.501714506Z server/services/performance-documentation.ts(509,39): error TS2339: Property 'realisticTargets' does not exist on type 'PerformanceDocumentationService'.
2025-11-03T00:50:30.501726887Z server/services/performance-documentation.ts(513,7): error TS2353: Object literal may only specify known properties, and 'nanosecondPrecision' does not exist in type 'ComplianceStatus'.
2025-11-03T00:50:30.501732697Z server/services/performance-documentation.ts(539,43): error TS2551: Property 'executiveeSummary' does not exist on type 'PerformanceReport'. Did you mean 'executiveSummary'?
2025-11-03T00:50:30.501738788Z server/services/performance-documentation.ts(540,46): error TS2551: Property 'executiveeSummary' does not exist on type 'PerformanceReport'. Did you mean 'executiveSummary'?
2025-11-03T00:50:30.501741608Z server/services/performance-documentation.ts(541,46): error TS2551: Property 'executiveeSummary' does not exist on type 'PerformanceReport'. Did you mean 'executiveSummary'?
2025-11-03T00:50:30.501744178Z server/services/performance-documentation.ts(544,12): error TS2551: Property 'executiveeSummary' does not exist on type 'PerformanceReport'. Did you mean 'executiveSummary'?
2025-11-03T00:50:30.501774921Z server/services/performance-documentation.ts(559,55): error TS2339: Property 'nanosecondPrecision' does not exist on type 'ComplianceStatus'.
2025-11-03T00:50:30.501778171Z server/services/performance-documentation.ts(560,57): error TS2339: Property 'millisecondGuarantees' does not exist on type 'ComplianceStatus'.
2025-11-03T00:50:30.501780491Z server/services/performance-documentation.ts(572,29): error TS2551: Property 'executiveeSummary' does not exist on type 'PerformanceReport'. Did you mean 'executiveSummary'?
2025-11-03T00:50:30.501794802Z server/services/performance-documentation.ts(636,25): error TS2551: Property 'executiveeSummary' does not exist on type 'PerformanceReport'. Did you mean 'executiveSummary'?
2025-11-03T00:50:30.501799963Z server/services/performance-documentation.ts(637,28): error TS2551: Property 'executiveeSummary' does not exist on type 'PerformanceReport'. Did you mean 'executiveSummary'?
2025-11-03T00:50:30.501802633Z server/services/performance-documentation.ts(638,23): error TS2551: Property 'executiveeSummary' does not exist on type 'PerformanceReport'. Did you mean 'executiveSummary'?
2025-11-03T00:50:30.501814204Z server/services/performance-documentation.ts(638,69): error TS2551: Property 'executiveeSummary' does not exist on type 'PerformanceReport'. Did you mean 'executiveSummary'?
2025-11-03T00:50:30.501818614Z server/services/performance-documentation.ts(641,25): error TS2551: Property 'executiveeSummary' does not exist on type 'PerformanceReport'. Did you mean 'executiveSummary'?
2025-11-03T00:50:30.501854767Z server/services/performance-documentation.ts(642,28): error TS2551: Property 'executiveeSummary' does not exist on type 'PerformanceReport'. Did you mean 'executiveSummary'?
2025-11-03T00:50:30.501861118Z server/services/performance-documentation.ts(643,23): error TS2551: Property 'executiveeSummary' does not exist on type 'PerformanceReport'. Did you mean 'executiveSummary'?
2025-11-03T00:50:30.501869218Z server/services/performance-documentation.ts(643,69): error TS2551: Property 'executiveeSummary' does not exist on type 'PerformanceReport'. Did you mean 'executiveSummary'?
2025-11-03T00:50:30.501875359Z server/services/performance-documentation.ts(847,10): error TS2323: Cannot redeclare exported variable 'PerformanceDocumentationService'.
2025-11-03T00:50:30.501877959Z server/services/performance-documentation.ts(847,10): error TS2484: Export declaration conflicts with exported declaration of 'PerformanceDocumentationService'.
2025-11-03T00:50:30.50188276Z server/services/performance-documentation.ts(847,43): error TS1205: Re-exporting a type when 'isolatedModules' is enabled requires using 'export type'.
2025-11-03T00:50:30.50188576Z server/services/performance-documentation.ts(847,62): error TS1205: Re-exporting a type when 'isolatedModules' is enabled requires using 'export type'.
2025-11-03T00:50:30.50189599Z server/services/performance-documentation.ts(847,85): error TS1205: Re-exporting a type when 'isolatedModules' is enabled requires using 'export type'.
2025-11-03T00:50:30.501900501Z server/services/proactive-maintenance-service.ts(6,10): error TS2614: Module '"*.js"' has no exported member 'getConnectionStatus'. Did you mean to use 'import getConnectionStatus from "*.js"' instead?
2025-11-03T00:50:30.501907971Z server/services/proactive-maintenance-service.ts(6,31): error TS2614: Module '"*.js"' has no exported member 'db'. Did you mean to use 'import db from "*.js"' instead?
2025-11-03T00:50:30.501913452Z server/services/proactive-maintenance-service.ts(7,15): error TS2305: Module '"../../shared/schema/index.js"' has no exported member 'InsertMaintenanceTask'.
2025-11-03T00:50:30.501916532Z server/services/proactive-maintenance-service.ts(7,43): error TS2305: Module '"../../shared/schema/index.js"' has no exported member 'InsertAutonomousOperation'.
2025-11-03T00:50:30.501919372Z server/services/proactive-maintenance-service.ts(7,75): error TS2305: Module '"../../shared/schema/index.js"' has no exported member 'InsertPerformanceBaseline'.
2025-11-03T00:50:30.501924843Z server/services/proactive-maintenance-service.ts(290,35): error TS2339: Property 'getMaintenanceTasks' does not exist on type '{ get: (key: string) => Promise<any>; set: (key: string, value: any) => Promise<void>; delete: (key: string) => Promise<void>; }'.
2025-11-03T00:50:30.501944044Z server/services/proactive-maintenance-service.ts(353,11): error TS2393: Duplicate function implementation.
2025-11-03T00:50:30.501947875Z server/services/proactive-maintenance-service.ts(996,11): error TS2393: Duplicate function implementation.
2025-11-03T00:50:30.501950645Z server/services/proactive-maintenance-service.ts(1023,37): error TS2339: Property 'createAutonomousOperation' does not exist on type '{ get: (key: string) => Promise<any>; set: (key: string, value: any) => Promise<void>; delete: (key: string) => Promise<void>; }'.
2025-11-03T00:50:30.501956165Z server/services/proactive-maintenance-service.ts(1040,19): error TS2339: Property 'updateAutonomousOperation' does not exist on type '{ get: (key: string) => Promise<any>; set: (key: string, value: any) => Promise<void>; delete: (key: string) => Promise<void>; }'.
2025-11-03T00:50:30.501962986Z server/services/proactive-maintenance-service.ts(1110,19): error TS2339: Property 'createIncident' does not exist on type '{ get: (key: string) => Promise<any>; set: (key: string, value: any) => Promise<void>; delete: (key: string) => Promise<void>; }'.
2025-11-03T00:50:30.501975367Z server/services/production-health-check.ts(227,21): error TS2339: Property 'getUsers' does not exist on type '{ get: (key: string) => Promise<any>; set: (key: string, value: any) => Promise<void>; delete: (key: string) => Promise<void>; }'.
2025-11-03T00:50:30.502032941Z server/services/production-health-check.ts(547,21): error TS2339: Property 'db' does not exist on type '{ get: (key: string) => Promise<any>; set: (key: string, value: any) => Promise<void>; delete: (key: string) => Promise<void>; }'.
2025-11-03T00:50:30.502037762Z server/services/production-health-check.ts(547,46): error TS2339: Property 'users' does not exist on type '{ get: (key: string) => Promise<any>; set: (key: string, value: any) => Promise<void>; delete: (key: string) => Promise<void>; }'.
2025-11-03T00:50:30.502040592Z server/services/production-readiness.ts(626,19): error TS2339: Property 'createSecurityEvent' does not exist on type '{ get: (key: string) => Promise<any>; set: (key: string, value: any) => Promise<void>; delete: (key: string) => Promise<void>; }'.
2025-11-03T00:50:30.502043612Z server/services/quantum-encryption.ts(2,10): error TS2305: Module '"../../shared/schema/index.js"' has no exported member 'InsertQuantumKey'.
2025-11-03T00:50:30.502050753Z server/services/quantum-encryption.ts(63,21): error TS2339: Property 'createQuantumKey' does not exist on type '{ get: (key: string) => Promise<any>; set: (key: string, value: any) => Promise<void>; delete: (key: string) => Promise<void>; }'.
2025-11-03T00:50:30.502099387Z server/services/quantum-encryption.ts(66,21): error TS2339: Property 'createSecurityEvent' does not exist on type '{ get: (key: string) => Promise<any>; set: (key: string, value: any) => Promise<void>; delete: (key: string) => Promise<void>; }'.
2025-11-03T00:50:30.502103757Z server/services/quantum-encryption.ts(102,36): error TS2339: Property 'getQuantumKey' does not exist on type '{ get: (key: string) => Promise<any>; set: (key: string, value: any) => Promise<void>; delete: (key: string) => Promise<void>; }'.
2025-11-03T00:50:30.502106397Z server/services/quantum-encryption.ts(135,21): error TS2339: Property 'createSecurityEvent' does not exist on type '{ get: (key: string) => Promise<any>; set: (key: string, value: any) => Promise<void>; delete: (key: string) => Promise<void>; }'.
2025-11-03T00:50:30.502109007Z server/services/quantum-encryption.ts(163,40): error TS2339: Property 'getQuantumKey' does not exist on type '{ get: (key: string) => Promise<any>; set: (key: string, value: any) => Promise<void>; delete: (key: string) => Promise<void>; }'.
2025-11-03T00:50:30.502111578Z server/services/quantum-encryption.ts(180,21): error TS2339: Property 'createSecurityEvent' does not exist on type '{ get: (key: string) => Promise<any>; set: (key: string, value: any) => Promise<void>; delete: (key: string) => Promise<void>; }'.
2025-11-03T00:50:30.502125709Z server/services/quantum-encryption.ts(336,27): error TS2551: Property 'createCipher' does not exist on type 'typeof import("crypto")'. Did you mean 'createCipheriv'?
2025-11-03T00:50:30.502130839Z server/services/quantum-encryption.ts(356,29): error TS2551: Property 'createDecipher' does not exist on type 'typeof import("crypto")'. Did you mean 'createDecipheriv'?
2025-11-03T00:50:30.502133629Z server/services/quantum-encryption.ts(402,32): error TS2339: Property 'getActiveQuantumKeys' does not exist on type '{ get: (key: string) => Promise<any>; set: (key: string, value: any) => Promise<void>; delete: (key: string) => Promise<void>; }'.
2025-11-03T00:50:30.50213618Z server/services/quantum-encryption.ts(414,19): error TS2339: Property 'deactivateQuantumKey' does not exist on type '{ get: (key: string) => Promise<any>; set: (key: string, value: any) => Promise<void>; delete: (key: string) => Promise<void>; }'.
2025-11-03T00:50:30.50213916Z server/services/quantum-encryption.ts(416,19): error TS2339: Property 'createSecurityEvent' does not exist on type '{ get: (key: string) => Promise<any>; set: (key: string, value: any) => Promise<void>; delete: (key: string) => Promise<void>; }'.
2025-11-03T00:50:30.502154161Z server/services/queen-biometric-security.ts(80,21): error TS2339: Property 'createSecurityEvent' does not exist on type '{ get: (key: string) => Promise<any>; set: (key: string, value: any) => Promise<void>; delete: (key: string) => Promise<void>; }'.
2025-11-03T00:50:30.502158282Z server/services/queen-biometric-security.ts(138,21): error TS2339: Property 'createSecurityEvent' does not exist on type '{ get: (key: string) => Promise<any>; set: (key: string, value: any) => Promise<void>; delete: (key: string) => Promise<void>; }'.
2025-11-03T00:50:30.502168382Z server/services/queen-biometric-security.ts(237,19): error TS2339: Property 'createSecurityEvent' does not exist on type '{ get: (key: string) => Promise<any>; set: (key: string, value: any) => Promise<void>; delete: (key: string) => Promise<void>; }'.
2025-11-03T00:50:30.502171612Z server/services/real-time-monitoring.ts(4,15): error TS2614: Module '"*.js"' has no exported member 'InsertSystemMetric'. Did you mean to use 'import InsertSystemMetric from "*.js"' instead?
2025-11-03T00:50:30.502178343Z server/services/real-time-monitoring.ts(157,7): error TS2741: Property 'throttling' is missing in type '{ usage: number; cores: number; loadAverage: number[]; }' but required in type '{ usage: number; cores: number; loadAverage: number[]; throttling: boolean; }'.
2025-11-03T00:50:30.502181483Z server/services/real-time-monitoring.ts(162,7): error TS2741: Property 'swapUsage' is missing in type '{ used: number; total: number; percentage: number; }' but required in type '{ used: number; total: number; percentage: number; swapUsage: number; }'.
2025-11-03T00:50:30.502187534Z server/services/real-time-monitoring.ts(250,20): error TS2339: Property 'broadcast' does not exist on type 'WebSocketService'.
2025-11-03T00:50:30.502192694Z server/services/real-time-monitoring.ts(267,20): error TS2339: Property 'broadcast' does not exist on type 'WebSocketService'.
2025-11-03T00:50:30.502195414Z server/services/real-time-monitoring.ts(292,22): error TS2339: Property 'broadcast' does not exist on type 'WebSocketService'.
2025-11-03T00:50:30.502214856Z server/services/real-time-validation-service.ts(280,21): error TS2339: Property 'createSecurityEvent' does not exist on type '{ get: (key: string) => Promise<any>; set: (key: string, value: any) => Promise<void>; delete: (key: string) => Promise<void>; }'.
2025-11-03T00:50:30.502220116Z server/services/real-time-validation-service.ts(423,54): error TS2339: Property 'makeRequest' does not exist on type 'ProductionGovernmentAPIService'.
2025-11-03T00:50:30.502222937Z server/services/real-time-validation-service.ts(531,54): error TS2339: Property 'makeRequest' does not exist on type 'ProductionGovernmentAPIService'.
2025-11-03T00:50:30.502229547Z server/services/real-time-validation-service.ts(580,54): error TS2339: Property 'makeRequest' does not exist on type 'ProductionGovernmentAPIService'.
2025-11-03T00:50:30.502282021Z server/services/sa-permit-validator.ts(496,9): error TS2769: No overload matches this call.
2025-11-03T00:50:30.502286972Z   Overload 1 of 2, '(input: string | URL | Request, init?: RequestInit): Promise<Response>', gave the following error.
2025-11-03T00:50:30.502290012Z     Object literal may only specify known properties, and 'timeout' does not exist in type 'RequestInit'.
2025-11-03T00:50:30.502292462Z   Overload 2 of 2, '(input: URL | RequestInfo, init?: RequestInit): Promise<Response>', gave the following error.
2025-11-03T00:50:30.502295062Z     Object literal may only specify known properties, and 'timeout' does not exist in type 'RequestInit'.
2025-11-03T00:50:30.502297863Z server/services/sa-permit-validator.ts(532,9): error TS2769: No overload matches this call.
2025-11-03T00:50:30.502306923Z   Overload 1 of 2, '(input: string | URL | Request, init?: RequestInit): Promise<Response>', gave the following error.
2025-11-03T00:50:30.502309934Z     Object literal may only specify known properties, and 'timeout' does not exist in type 'RequestInit'.
2025-11-03T00:50:30.502312844Z   Overload 2 of 2, '(input: URL | RequestInfo, init?: RequestInit): Promise<Response>', gave the following error.
2025-11-03T00:50:30.502315564Z     Object literal may only specify known properties, and 'timeout' does not exist in type 'RequestInit'.
2025-11-03T00:50:30.502324755Z server/services/sa-permit-validator.ts(568,9): error TS2769: No overload matches this call.
2025-11-03T00:50:30.502328515Z   Overload 1 of 2, '(input: string | URL | Request, init?: RequestInit): Promise<Response>', gave the following error.
2025-11-03T00:50:30.502331255Z     Object literal may only specify known properties, and 'timeout' does not exist in type 'RequestInit'.
2025-11-03T00:50:30.502333685Z   Overload 2 of 2, '(input: URL | RequestInfo, init?: RequestInit): Promise<Response>', gave the following error.
2025-11-03T00:50:30.502336126Z     Object literal may only specify known properties, and 'timeout' does not exist in type 'RequestInit'.
2025-11-03T00:50:30.502338616Z server/services/sa-permit-validator.ts(614,9): error TS2769: No overload matches this call.
2025-11-03T00:50:30.502341266Z   Overload 1 of 2, '(input: string | URL | Request, init?: RequestInit): Promise<Response>', gave the following error.
2025-11-03T00:50:30.502343786Z     Object literal may only specify known properties, and 'timeout' does not exist in type 'RequestInit'.
2025-11-03T00:50:30.502346217Z   Overload 2 of 2, '(input: URL | RequestInfo, init?: RequestInit): Promise<Response>', gave the following error.
2025-11-03T00:50:30.502348657Z     Object literal may only specify known properties, and 'timeout' does not exist in type 'RequestInit'.
2025-11-03T00:50:30.502351647Z server/services/sa-permit-validator.ts(799,21): error TS2339: Property 'createSecurityEvent' does not exist on type '{ get: (key: string) => Promise<any>; set: (key: string, value: any) => Promise<void>; delete: (key: string) => Promise<void>; }'.
2025-11-03T00:50:30.502354387Z server/services/saps-integration.ts(162,21): error TS2339: Property 'createSecurityEvent' does not exist on type '{ get: (key: string) => Promise<any>; set: (key: string, value: any) => Promise<void>; delete: (key: string) => Promise<void>; }'.
2025-11-03T00:50:30.502357227Z server/services/saps-integration.ts(218,23): error TS2339: Property 'createSecurityEvent' does not exist on type '{ get: (key: string) => Promise<any>; set: (key: string, value: any) => Promise<void>; delete: (key: string) => Promise<void>; }'.
2025-11-03T00:50:30.502360028Z server/services/saps-integration.ts(291,23): error TS2339: Property 'createSecurityEvent' does not exist on type '{ get: (key: string) => Promise<any>; set: (key: string, value: any) => Promise<void>; delete: (key: string) => Promise<void>; }'.
2025-11-03T00:50:30.502366748Z server/services/secure-document.service.ts(1,33): error TS2835: Relative import paths need explicit file extensions in ECMAScript imports when '--moduleResolution' is 'node16' or 'nodenext'. Did you mean '../types/document-types.js'?
2025-11-03T00:50:30.502369608Z server/services/secure-document.service.ts(2,31): error TS2835: Relative import paths need explicit file extensions in ECMAScript imports when '--moduleResolution' is 'node16' or 'nodenext'. Did you mean '../../config/service-integration.js'?
2025-11-03T00:50:30.502372599Z server/services/secure-document.service.ts(6,18): error TS2307: Cannot find module 'jsqr' or its corresponding type declarations.
2025-11-03T00:50:30.502375229Z server/services/secure-document.service.ts(7,31): error TS2307: Cannot find module './crypto.service' or its corresponding type declarations.
2025-11-03T00:50:30.50238854Z server/services/secure-document.service.ts(8,28): error TS2307: Cannot find module './dha.service' or its corresponding type declarations.
2025-11-03T00:50:30.50239581Z server/services/secure-document.service.ts(9,40): error TS2307: Cannot find module './quantum-security.service' or its corresponding type declarations.
2025-11-03T00:50:30.502398741Z server/services/secure-document.service.ts(10,35): error TS2307: Cannot find module './attachment.service' or its corresponding type declarations.
2025-11-03T00:50:30.502404101Z server/services/secure-document.service.ts(11,35): error TS2307: Cannot find module './blockchain.service' or its corresponding type declarations.
2025-11-03T00:50:30.502406891Z server/services/secure-document.service.ts(14,30): error TS2307: Cannot find module './ultra-queen-ai.service' or its corresponding type declarations.
2025-11-03T00:50:30.502428623Z server/services/secure-document.service.ts(15,46): error TS2835: Relative import paths need explicit file extensions in ECMAScript imports when '--moduleResolution' is 'node16' or 'nodenext'. Did you mean '../types/errors.js'?
2025-11-03T00:50:30.502436024Z server/services/secure-document.service.ts(16,33): error TS2835: Relative import paths need explicit file extensions in ECMAScript imports when '--moduleResolution' is 'node16' or 'nodenext'. Did you mean './document-helpers.js'?
2025-11-03T00:50:30.502439204Z server/services/secure-document.service.ts(367,20): error TS2339: Property 'code' does not exist on type 'unknown'.
2025-11-03T00:50:30.502445785Z server/services/secure-document.service.ts(374,20): error TS2339: Property 'suggestion' does not exist on type 'unknown'.
2025-11-03T00:50:30.502448475Z server/services/secure-document.service.ts(381,20): error TS2339: Property 'retryable' does not exist on type 'unknown'.
2025-11-03T00:50:30.502451375Z server/services/secure-mtls-client.ts(453,21): error TS2339: Property 'createSecurityEvent' does not exist on type '{ get: (key: string) => Promise<any>; set: (key: string, value: any) => Promise<void>; delete: (key: string) => Promise<void>; }'.
2025-11-03T00:50:30.502546273Z server/services/secure-pdf-api-service.ts(11,24): error TS2305: Module '"express"' has no exported member 'Response'.
2025-11-03T00:50:30.502551523Z server/services/secure-pdf-api-service.ts(131,32): error TS2339: Property 'params' does not exist on type 'Request'.
2025-11-03T00:50:30.502554823Z server/services/secure-pdf-api-service.ts(180,54): error TS2339: Property 'body' does not exist on type 'Request'.
2025-11-03T00:50:30.502557943Z server/services/secure-pdf-api-service.ts(201,54): error TS2339: Property 'screenDocumentRequest' does not exist on type 'FraudDetectionService'.
2025-11-03T00:50:30.502560864Z server/services/secure-pdf-api-service.ts(206,26): error TS2339: Property 'ip' does not exist on type 'Request'.
2025-11-03T00:50:30.502572395Z server/services/secure-pdf-api-service.ts(207,26): error TS2339: Property 'get' does not exist on type 'Request'.
2025-11-03T00:50:30.502575895Z server/services/secure-pdf-api-service.ts(231,31): error TS2339: Property 'logDocumentGenerationStart' does not exist on type 'AuditTrailService'.
2025-11-03T00:50:30.502578305Z server/services/secure-pdf-api-service.ts(238,24): error TS2339: Property 'ip' does not exist on type 'Request'.
2025-11-03T00:50:30.502580865Z server/services/secure-pdf-api-service.ts(239,24): error TS2339: Property 'get' does not exist on type 'Request'.
2025-11-03T00:50:30.502590946Z server/services/secure-pdf-api-service.ts(247,77): error TS2345: Argument of type '{ idNumber?: string; personal?: { idNumber?: string; dateOfBirth?: string; placeOfBirth?: string; nationality?: string; surname?: string; givenNames?: string; gender?: "X" | "M" | "F"; countryOfBirth?: string; ... 4 more ...; photograph?: string; }; ... 5 more ...; emergencyContact?: { ...; }; } | { ...; } | { ...; }' is not assignable to parameter of type 'SmartIdData'.
2025-11-03T00:50:30.502601547Z   Type '{ idNumber?: string; personal?: { idNumber?: string; dateOfBirth?: string; placeOfBirth?: string; nationality?: string; surname?: string; givenNames?: string; gender?: "X" | "M" | "F"; countryOfBirth?: string; ... 4 more ...; photograph?: string; }; ... 5 more ...; emergencyContact?: { ...; }; }' is not assignable to type 'SmartIdData'.
2025-11-03T00:50:30.502604327Z     Types of property 'personal' are incompatible.
2025-11-03T00:50:30.502607998Z       Type '{ idNumber?: string; dateOfBirth?: string; placeOfBirth?: string; nationality?: string; surname?: string; givenNames?: string; gender?: "X" | "M" | "F"; countryOfBirth?: string; fullName?: string; passportNumber?: string; biometricData?: { ...; }; maritalStatus?: "Single" | ... 2 more ... | "Widowed"; photograph?: s...' is not assignable to type 'PersonalDetails'.
2025-11-03T00:50:30.502612548Z         Property 'fullName' is optional in type '{ idNumber?: string; dateOfBirth?: string; placeOfBirth?: string; nationality?: string; surname?: string; givenNames?: string; gender?: "X" | "M" | "F"; countryOfBirth?: string; fullName?: string; passportNumber?: string; biometricData?: { ...; }; maritalStatus?: "Single" | ... 2 more ... | "Widowed"; photograph?: s...' but required in type 'PersonalDetails'.
2025-11-03T00:50:30.502615238Z server/services/secure-pdf-api-service.ts(250,88): error TS2345: Argument of type '{ idNumber?: string; personal?: { idNumber?: string; dateOfBirth?: string; placeOfBirth?: string; nationality?: string; surname?: string; givenNames?: string; gender?: "X" | "M" | "F"; countryOfBirth?: string; ... 4 more ...; photograph?: string; }; ... 5 more ...; emergencyContact?: { ...; }; } | { ...; } | { ...; }' is not assignable to parameter of type 'DiplomaticPassportData'.
2025-11-03T00:50:30.502619568Z   Type '{ idNumber?: string; personal?: { idNumber?: string; dateOfBirth?: string; placeOfBirth?: string; nationality?: string; surname?: string; givenNames?: string; gender?: "X" | "M" | "F"; countryOfBirth?: string; ... 4 more ...; photograph?: string; }; ... 5 more ...; emergencyContact?: { ...; }; }' is missing the following properties from type 'DiplomaticPassportData': passportNumber, passportType, dateOfIssue, dateOfExpiry, and 6 more.
2025-11-03T00:50:30.50263328Z server/services/secure-pdf-api-service.ts(256,89): error TS2345: Argument of type '{ idNumber?: string; personal?: { idNumber?: string; dateOfBirth?: string; placeOfBirth?: string; nationality?: string; surname?: string; givenNames?: string; gender?: "X" | "M" | "F"; countryOfBirth?: string; ... 4 more ...; photograph?: string; }; ... 5 more ...; emergencyContact?: { ...; }; } | { ...; } | { ...; }' is not assignable to parameter of type 'WorkPermitSection19Data'.
2025-11-03T00:50:30.50263619Z   Type '{ idNumber?: string; personal?: { idNumber?: string; dateOfBirth?: string; placeOfBirth?: string; nationality?: string; surname?: string; givenNames?: string; gender?: "X" | "M" | "F"; countryOfBirth?: string; ... 4 more ...; photograph?: string; }; ... 5 more ...; emergencyContact?: { ...; }; }' is missing the following properties from type 'WorkPermitSection19Data': permitNumber, section19Type, sectionDescription, employer, and 9 more.
2025-11-03T00:50:30.50264289Z server/services/secure-pdf-api-service.ts(266,31): error TS2339: Property 'logDocumentGenerationSuccess' does not exist on type 'AuditTrailService'.
2025-11-03T00:50:30.502647341Z server/services/secure-pdf-api-service.ts(295,31): error TS2339: Property 'logDocumentGenerationFailure' does not exist on type 'AuditTrailService'.
2025-11-03T00:50:30.502649871Z server/services/secure-pdf-api-service.ts(297,27): error TS2339: Property 'params' does not exist on type 'Request'.
2025-11-03T00:50:30.502659682Z server/services/secure-pdf-api-service.ts(325,54): error TS2339: Property 'body' does not exist on type 'Request'.
2025-11-03T00:50:30.502662852Z server/services/secure-pdf-api-service.ts(344,58): error TS2339: Property 'verifyByCode' does not exist on type 'ComprehensiveVerificationService'.
2025-11-03T00:50:30.502665672Z server/services/secure-pdf-api-service.ts(381,31): error TS2339: Property 'logDocumentVerification' does not exist on type 'AuditTrailService'.
2025-11-03T00:50:30.502668592Z server/services/secure-pdf-api-service.ts(386,24): error TS2339: Property 'ip' does not exist on type 'Request'.
2025-11-03T00:50:30.502675613Z server/services/secure-pdf-api-service.ts(387,24): error TS2339: Property 'get' does not exist on type 'Request'.
2025-11-03T00:50:30.502681093Z server/services/secure-pdf-api-service.ts(431,41): error TS2339: Property 'query' does not exist on type 'Request'.
2025-11-03T00:50:30.502683704Z server/services/secure-pdf-api-service.ts(433,45): error TS2339: Property 'getDocumentGenerationStatistics' does not exist on type 'AuditTrailService'.
2025-11-03T00:50:30.502686454Z server/services/secure-pdf-api-service.ts(463,45): error TS2339: Property 'query' does not exist on type 'Request'.
2025-11-03T00:50:30.502689304Z server/services/secure-pdf-api-service.ts(465,46): error TS2339: Property 'getSecurityEvents' does not exist on type 'AuditTrailService'.
2025-11-03T00:50:30.502691734Z server/services/secure-pdf-api-service.ts(518,31): error TS2339: Property 'logSecurityEvent' does not exist on type 'AuditTrailService'.
2025-11-03T00:50:30.502696945Z server/services/secure-pdf-api-service.ts(522,24): error TS2339: Property 'ip' does not exist on type 'Request'.
2025-11-03T00:50:30.502701905Z server/services/secure-pdf-api-service.ts(523,24): error TS2339: Property 'get' does not exist on type 'Request'.
2025-11-03T00:50:30.502704775Z server/services/secure-pdf-api-service.ts(527,25): error TS2339: Property 'originalUrl' does not exist on type 'Request'.
2025-11-03T00:50:30.502707556Z server/services/secure-pdf-api-service.ts(528,23): error TS2339: Property 'method' does not exist on type 'Request'.
2025-11-03T00:50:30.502747559Z server/services/security-correlation-engine.ts(89,19): error TS2339: Property 'createSecurityRule' does not exist on type '{ get: (key: string) => Promise<any>; set: (key: string, value: any) => Promise<void>; delete: (key: string) => Promise<void>; }'.
2025-11-03T00:50:30.502752719Z server/services/security-correlation-engine.ts(430,38): error TS2339: Property 'analyzeUserBehavior' does not exist on type '{ get: (key: string) => Promise<any>; set: (key: string, value: any) => Promise<void>; delete: (key: string) => Promise<void>; }'.
2025-11-03T00:50:30.502757179Z server/services/security-correlation-engine.ts(538,7): error TS2353: Object literal may only specify known properties, and 'title' does not exist in type '{ severity: string; incidentType: string; id?: string; createdAt?: Date; description?: string; metadata?: unknown; status?: string; resolvedAt?: Date; resolvedBy?: string; }'.
2025-11-03T00:50:30.50276023Z server/services/security-correlation-engine.ts(551,43): error TS2339: Property 'createSecurityIncident' does not exist on type '{ get: (key: string) => Promise<any>; set: (key: string, value: any) => Promise<void>; delete: (key: string) => Promise<void>; }'.
2025-11-03T00:50:30.5027629Z server/services/security-correlation-engine.ts(638,33): error TS2339: Property 'getSecurityRules' does not exist on type '{ get: (key: string) => Promise<any>; set: (key: string, value: any) => Promise<void>; delete: (key: string) => Promise<void>; }'.
2025-11-03T00:50:30.502769431Z server/services/security-correlation-engine.ts(642,21): error TS2339: Property 'incrementRuleTriggeredCount' does not exist on type '{ get: (key: string) => Promise<any>; set: (key: string, value: any) => Promise<void>; delete: (key: string) => Promise<void>; }'.
2025-11-03T00:50:30.502779071Z server/services/self-healing-core.ts(59,9): error TS2353: Object literal may only specify known properties, and 'value' does not exist in type '{ source: string; metricName: string; metricValue: number; metricType: string; id?: string; createdAt?: Date; metadata?: unknown; }'.
2025-11-03T00:50:30.502782172Z server/services/self-healing-core.ts(85,9): error TS2353: Object literal may only specify known properties, and 'value' does not exist in type '{ source: string; metricName: string; metricValue: number; metricType: string; id?: string; createdAt?: Date; metadata?: unknown; }'.
2025-11-03T00:50:30.502785002Z server/services/self-healing-core.ts(148,9): error TS2353: Object literal may only specify known properties, and 'value' does not exist in type '{ source: string; metricName: string; metricValue: number; metricType: string; id?: string; createdAt?: Date; metadata?: unknown; }'.
2025-11-03T00:50:30.502787962Z server/services/self-healing-core.ts(175,7): error TS2322: Type '{ memory_usage_percent: number; threshold: string; }' is not assignable to type 'string'.
2025-11-03T00:50:30.502793742Z server/services/self-healing-core.ts(177,7): error TS2322: Type '{ success: true; }' is not assignable to type 'string'.
2025-11-03T00:50:30.502796473Z server/services/self-healing-core.ts(207,9): error TS2322: Type '{ condition: string; detected_at: string; }' is not assignable to type 'string'.
2025-11-03T00:50:30.502800003Z server/services/self-healing-core.ts(209,9): error TS2322: Type '{ success: boolean; recovery_time_ms: number; total_latency_ms: number; fallback_mode: boolean; details: any; }' is not assignable to type 'string'.
2025-11-03T00:50:30.502823165Z server/services/self-healing-core.ts(249,9): error TS2322: Type '{ condition: string; error: string; }' is not assignable to type 'string'.
2025-11-03T00:50:30.502852427Z server/services/self-healing-core.ts(251,9): error TS2322: Type '{ success: false; recovery_time_ms: number; error: string; }' is not assignable to type 'string'.
2025-11-03T00:50:30.502862318Z server/services/self-healing-core.ts(270,7): error TS2353: Object literal may only specify known properties, and 'entityType' does not exist in type '{ action: string; result: string; actor: string; id?: string; createdAt?: Date; ipAddress?: string; userAgent?: string; resource?: string; metadata?: unknown; resourceId?: string; }'.
2025-11-03T00:50:30.502865348Z server/services/self-healing-core.ts(302,9): error TS2322: Type '{ error: any; type: any; component: any; detection_time: number; }' is not assignable to type 'string'.
2025-11-03T00:50:30.502877029Z server/services/self-healing-core.ts(309,9): error TS2322: Type '{ success: boolean; correction_time_ms: number; total_latency_ms: number; needs_restart: boolean; rollback_required: boolean; details: any; }' is not assignable to type 'string'.
2025-11-03T00:50:30.502880149Z server/services/self-healing-core.ts(356,9): error TS2322: Type '{ error: any; type: any; correction_error: string; }' is not assignable to type 'string'.
2025-11-03T00:50:30.5028865Z server/services/self-healing-core.ts(362,9): error TS2322: Type '{ success: false; total_latency_ms: number; error: string; }' is not assignable to type 'string'.
2025-11-03T00:50:30.50288945Z server/services/self-healing-core.ts(403,9): error TS2322: Type '{ threat_type: any; source_ip: any; detection_time: number; }' is not assignable to type 'string'.
2025-11-03T00:50:30.502892281Z server/services/self-healing-core.ts(409,9): error TS2322: Type '{ success: boolean; response_time_ms: number; total_latency_ms: number; ip_blocked: boolean; ip_quarantined: boolean; details: any; }' is not assignable to type 'string'.
2025-11-03T00:50:30.502899781Z server/services/self-healing-core.ts(432,9): error TS2353: Object literal may only specify known properties, and 'details' does not exist in type '{ eventType: string; severity: string; source: string; id?: string; createdAt?: Date; description?: string; userId?: string; ipAddress?: string; metadata?: unknown; resolvedAt?: Date; isResolved?: boolean; }'.
2025-11-03T00:50:30.502913942Z server/services/self-healing-core.ts(466,9): error TS2322: Type '{ threat_type: any; source_ip: any; error: string; }' is not assignable to type 'string'.
2025-11-03T00:50:30.502916552Z server/services/self-healing-core.ts(472,9): error TS2322: Type '{ success: false; response_time_ms: number; error: string; }' is not assignable to type 'string'.
2025-11-03T00:50:30.502922073Z server/services/self-healing-core.ts(510,19): error TS2339: Property 'createSystemMetric' does not exist on type '{ get: (key: string) => Promise<any>; set: (key: string, value: any) => Promise<void>; delete: (key: string) => Promise<void>; }'.
2025-11-03T00:50:30.502924763Z server/services/self-healing-core.ts(511,23): error TS2339: Property 'createSystemMetric' does not exist on type '{ get: (key: string) => Promise<any>; set: (key: string, value: any) => Promise<void>; delete: (key: string) => Promise<void>; }'.
2025-11-03T00:50:30.502929844Z server/services/self-healing-core.ts(522,19): error TS2339: Property 'createSecurityEvent' does not exist on type '{ get: (key: string) => Promise<any>; set: (key: string, value: any) => Promise<void>; delete: (key: string) => Promise<void>; }'.
2025-11-03T00:50:30.502932434Z server/services/self-healing-core.ts(523,23): error TS2339: Property 'createSecurityEvent' does not exist on type '{ get: (key: string) => Promise<any>; set: (key: string, value: any) => Promise<void>; delete: (key: string) => Promise<void>; }'.
2025-11-03T00:50:30.502937954Z server/services/self-healing-core.ts(534,19): error TS2339: Property 'createAuditLog' does not exist on type '{ get: (key: string) => Promise<any>; set: (key: string, value: any) => Promise<void>; delete: (key: string) => Promise<void>; }'.
2025-11-03T00:50:30.502943514Z server/services/self-healing-core.ts(535,23): error TS2339: Property 'createAuditLog' does not exist on type '{ get: (key: string) => Promise<any>; set: (key: string, value: any) => Promise<void>; delete: (key: string) => Promise<void>; }'.
2025-11-03T00:50:30.502949025Z server/services/self-healing-core.ts(546,19): error TS2339: Property 'createSelfHealingAction' does not exist on type '{ get: (key: string) => Promise<any>; set: (key: string, value: any) => Promise<void>; delete: (key: string) => Promise<void>; }'.
2025-11-03T00:50:30.503000979Z server/services/self-healing-core.ts(547,23): error TS2339: Property 'createSelfHealingAction' does not exist on type '{ get: (key: string) => Promise<any>; set: (key: string, value: any) => Promise<void>; delete: (key: string) => Promise<void>; }'.
2025-11-03T00:50:30.50300649Z server/services/self-healing-integration.ts(7,10): error TS2305: Module '"./queen-ultra-ai.js"' has no exported member 'queenUltraAiService'.
2025-11-03T00:50:30.50301406Z server/services/self-healing-integration.ts(105,31): error TS2339: Property 'logEvent' does not exist on type 'AuditTrailService'.
2025-11-03T00:50:30.50301674Z server/services/self-healing-integration.ts(123,31): error TS2339: Property 'logEvent' does not exist on type 'AuditTrailService'.
2025-11-03T00:50:30.503019411Z server/services/self-healing-integration.ts(152,66): error TS2367: This comparison appears to be unintentional because the types '"running"' and '"error"' have no overlap.
2025-11-03T00:50:30.503021981Z server/services/self-healing-integration.ts(153,67): error TS2367: This comparison appears to be unintentional because the types '"running"' and '"stopped"' have no overlap.
2025-11-03T00:50:30.503031552Z server/services/self-healing-integration.ts(261,21): error TS2339: Property 'createSystemMetric' does not exist on type '{ get: (key: string) => Promise<any>; set: (key: string, value: any) => Promise<void>; delete: (key: string) => Promise<void>; }'.
2025-11-03T00:50:30.503041382Z server/services/self-healing-integration.ts(295,31): error TS2339: Property 'logEvent' does not exist on type 'AuditTrailService'.
2025-11-03T00:50:30.503046603Z server/services/self-healing-monitor.ts(10,10): error TS2305: Module '"./queen-ultra-ai.js"' has no exported member 'queenUltraAiService'.
2025-11-03T00:50:30.503049623Z server/services/self-healing-monitor.ts(266,9): error TS2353: Object literal may only specify known properties, and 'details' does not exist in type 'Partial<{ action: string; result: string; actor: string; id?: string; createdAt?: Date; ipAddress?: string; userAgent?: string; resource?: string; metadata?: unknown; resourceId?: string; }>'.
2025-11-03T00:50:30.503093337Z server/services/self-healing-monitor.ts(301,7): error TS2353: Object literal may only specify known properties, and 'details' does not exist in type 'Partial<{ action: string; result: string; actor: string; id?: string; createdAt?: Date; ipAddress?: string; userAgent?: string; resource?: string; metadata?: unknown; resourceId?: string; }>'.
2025-11-03T00:50:30.503097127Z server/services/self-healing-monitor.ts(382,9): error TS2353: Object literal may only specify known properties, and 'value' does not exist in type 'Partial<{ source: string; metricName: string; metricValue: number; metricType: string; id?: string; createdAt?: Date; metadata?: unknown; }>'.
2025-11-03T00:50:30.503099517Z server/services/self-healing-monitor.ts(426,9): error TS2353: Object literal may only specify known properties, and 'details' does not exist in type 'Partial<{ action: string; result: string; actor: string; id?: string; createdAt?: Date; ipAddress?: string; userAgent?: string; resource?: string; metadata?: unknown; resourceId?: string; }>'.
2025-11-03T00:50:30.503102077Z server/services/self-healing-monitor.ts(446,9): error TS2353: Object literal may only specify known properties, and 'details' does not exist in type 'Partial<{ action: string; result: string; actor: string; id?: string; createdAt?: Date; ipAddress?: string; userAgent?: string; resource?: string; metadata?: unknown; resourceId?: string; }>'.
2025-11-03T00:50:30.503110818Z server/services/self-healing-monitor.ts(471,9): error TS2353: Object literal may only specify known properties, and 'details' does not exist in type 'Partial<{ action: string; result: string; actor: string; id?: string; createdAt?: Date; ipAddress?: string; userAgent?: string; resource?: string; metadata?: unknown; resourceId?: string; }>'.
2025-11-03T00:50:30.503115848Z server/services/self-healing-monitor.ts(688,31): error TS2339: Property 'logEvent' does not exist on type 'AuditTrailService'.
2025-11-03T00:50:30.503122059Z server/services/self-healing-monitor.ts(692,24): error TS2339: Property 'details' does not exist on type 'Partial<{ action: string; result: string; actor: string; id?: string; createdAt?: Date; ipAddress?: string; userAgent?: string; resource?: string; metadata?: unknown; resourceId?: string; }>'.
2025-11-03T00:50:30.503124949Z server/services/self-healing-monitor.ts(702,21): error TS2339: Property 'createSystemMetric' does not exist on type '{ get: (key: string) => Promise<any>; set: (key: string, value: any) => Promise<void>; delete: (key: string) => Promise<void>; }'.
2025-11-03T00:50:30.503129789Z server/services/self-healing-service.ts(5,10): error TS2614: Module '"*.js"' has no exported member 'getConnectionStatus'. Did you mean to use 'import getConnectionStatus from "*.js"' instead?
2025-11-03T00:50:30.50313674Z server/services/self-healing-service.ts(312,36): error TS2339: Property 'getAllCircuitBreakerStates' does not exist on type '{ get: (key: string) => Promise<any>; set: (key: string, value: any) => Promise<void>; delete: (key: string) => Promise<void>; }'.
2025-11-03T00:50:30.503141641Z server/services/self-healing-service.ts(338,38): error TS2339: Property 'getCircuitBreakerState' does not exist on type '{ get: (key: string) => Promise<any>; set: (key: string, value: any) => Promise<void>; delete: (key: string) => Promise<void>; }'.
2025-11-03T00:50:30.503154182Z server/services/self-healing-service.ts(341,23): error TS2339: Property 'createCircuitBreakerState' does not exist on type '{ get: (key: string) => Promise<any>; set: (key: string, value: any) => Promise<void>; delete: (key: string) => Promise<void>; }'.
2025-11-03T00:50:30.503157292Z server/services/self-healing-service.ts(645,42): error TS2339: Property 'getAuditLogs' does not exist on type '{ get: (key: string) => Promise<any>; set: (key: string, value: any) => Promise<void>; delete: (key: string) => Promise<void>; }'.
2025-11-03T00:50:30.503163142Z server/services/self-healing-service.ts(690,50): error TS2339: Property 'getAllCircuitBreakerStates' does not exist on type '{ get: (key: string) => Promise<any>; set: (key: string, value: any) => Promise<void>; delete: (key: string) => Promise<void>; }'.
2025-11-03T00:50:30.503165832Z server/services/self-healing-service.ts(752,21): error TS2339: Property 'createSystemMetric' does not exist on type '{ get: (key: string) => Promise<any>; set: (key: string, value: any) => Promise<void>; delete: (key: string) => Promise<void>; }'.
2025-11-03T00:50:30.503171293Z server/services/self-healing-service.ts(794,21): error TS2339: Property 'createSystemMetric' does not exist on type '{ get: (key: string) => Promise<any>; set: (key: string, value: any) => Promise<void>; delete: (key: string) => Promise<void>; }'.
2025-11-03T00:50:30.503187344Z server/services/self-healing-service.ts(1042,21): error TS2339: Property 'createAutonomousOperation' does not exist on type '{ get: (key: string) => Promise<any>; set: (key: string, value: any) => Promise<void>; delete: (key: string) => Promise<void>; }'.
2025-11-03T00:50:30.503191554Z server/services/self-healing-service.ts(1078,21): error TS2339: Property 'updateCircuitBreakerState' does not exist on type '{ get: (key: string) => Promise<any>; set: (key: string, value: any) => Promise<void>; delete: (key: string) => Promise<void>; }'.
2025-11-03T00:50:30.503197225Z server/services/self-healing-service.ts(1106,21): error TS2339: Property 'updateCircuitBreakerState' does not exist on type '{ get: (key: string) => Promise<any>; set: (key: string, value: any) => Promise<void>; delete: (key: string) => Promise<void>; }'.
2025-11-03T00:50:30.503201515Z server/services/self-healing-service.ts(1137,21): error TS2339: Property 'updateCircuitBreakerState' does not exist on type '{ get: (key: string) => Promise<any>; set: (key: string, value: any) => Promise<void>; delete: (key: string) => Promise<void>; }'.
2025-11-03T00:50:30.503204306Z server/services/self-healing-service.ts(1140,42): error TS2339: Property 'getCircuitBreakerState' does not exist on type '{ get: (key: string) => Promise<any>; set: (key: string, value: any) => Promise<void>; delete: (key: string) => Promise<void>; }'.
2025-11-03T00:50:30.503209736Z server/services/sita-integration.ts(106,21): error TS2339: Property 'createSecurityEvent' does not exist on type '{ get: (key: string) => Promise<any>; set: (key: string, value: any) => Promise<void>; delete: (key: string) => Promise<void>; }'.
2025-11-03T00:50:30.503214886Z server/services/sita-integration.ts(165,23): error TS2339: Property 'createSecurityEvent' does not exist on type '{ get: (key: string) => Promise<any>; set: (key: string, value: any) => Promise<void>; delete: (key: string) => Promise<void>; }'.
2025-11-03T00:50:30.503220067Z server/services/sita-integration.ts(264,21): error TS2339: Property 'createSecurityEvent' does not exist on type '{ get: (key: string) => Promise<any>; set: (key: string, value: any) => Promise<void>; delete: (key: string) => Promise<void>; }'.
2025-11-03T00:50:30.503225057Z server/services/sita-integration.ts(288,21): error TS2339: Property 'createSecurityEvent' does not exist on type '{ get: (key: string) => Promise<any>; set: (key: string, value: any) => Promise<void>; delete: (key: string) => Promise<void>; }'.
2025-11-03T00:50:30.503237248Z server/services/sita-integration.ts(564,58): error TS2339: Property 'entries' does not exist on type 'Headers'.
2025-11-03T00:50:30.503277391Z server/services/status-broadcast-service.ts(1,10): error TS2724: '"../websocket.js"' has no exported member named 'getWebSocketService'. Did you mean 'WebSocketService'?
2025-11-03T00:50:30.503280942Z server/services/status-broadcast-service.ts(4,10): error TS2305: Module '"../../shared/schema/index.js"' has no exported member 'EventType'.
2025-11-03T00:50:30.503283482Z server/services/status-broadcast-service.ts(4,21): error TS2305: Module '"../../shared/schema/index.js"' has no exported member 'NotificationCategory'.
2025-11-03T00:50:30.503286082Z server/services/status-broadcast-service.ts(4,43): error TS2305: Module '"../../shared/schema/index.js"' has no exported member 'NotificationPriority'.
2025-11-03T00:50:30.503289322Z server/services/status-broadcast-service.ts(5,15): error TS2305: Module '"../../shared/schema/index.js"' has no exported member 'StatusUpdate'.
2025-11-03T00:50:30.503291942Z server/services/status-broadcast-service.ts(5,29): error TS2305: Module '"../../shared/schema/index.js"' has no exported member 'Document'.
2025-11-03T00:50:30.503304934Z server/services/status-broadcast-service.ts(5,39): error TS2305: Module '"../../shared/schema/index.js"' has no exported member 'DhaApplication'.
2025-11-03T00:50:30.503307884Z server/services/status-broadcast-service.ts(45,40): error TS2339: Property 'createStatusUpdate' does not exist on type '{ get: (key: string) => Promise<any>; set: (key: string, value: any) => Promise<void>; delete: (key: string) => Promise<void>; }'.
2025-11-03T00:50:30.503310624Z server/services/status-broadcast-service.ts(130,36): error TS2339: Property 'getDocument' does not exist on type '{ get: (key: string) => Promise<any>; set: (key: string, value: any) => Promise<void>; delete: (key: string) => Promise<void>; }'.
2025-11-03T00:50:30.503316095Z server/services/status-broadcast-service.ts(182,39): error TS2339: Property 'getDhaApplication' does not exist on type '{ get: (key: string) => Promise<any>; set: (key: string, value: any) => Promise<void>; delete: (key: string) => Promise<void>; }'.
2025-11-03T00:50:30.503318745Z server/services/status-broadcast-service.ts(307,38): error TS2339: Property 'getDocument' does not exist on type '{ get: (key: string) => Promise<any>; set: (key: string, value: any) => Promise<void>; delete: (key: string) => Promise<void>; }'.
2025-11-03T00:50:30.503324005Z server/services/status-broadcast-service.ts(310,41): error TS2339: Property 'getDhaApplication' does not exist on type '{ get: (key: string) => Promise<any>; set: (key: string, value: any) => Promise<void>; delete: (key: string) => Promise<void>; }'.
2025-11-03T00:50:30.503326665Z server/services/status-broadcast-service.ts(335,38): error TS2339: Property 'getDocument' does not exist on type '{ get: (key: string) => Promise<any>; set: (key: string, value: any) => Promise<void>; delete: (key: string) => Promise<void>; }'.
2025-11-03T00:50:30.503350397Z server/services/status-broadcast-service.ts(338,41): error TS2339: Property 'getDhaApplication' does not exist on type '{ get: (key: string) => Promise<any>; set: (key: string, value: any) => Promise<void>; delete: (key: string) => Promise<void>; }'.
2025-11-03T00:50:30.503356228Z server/services/storage-readiness-validator.ts(2,10): error TS2614: Module '"*.js"' has no exported member 'db'. Did you mean to use 'import db from "*.js"' instead?
2025-11-03T00:50:30.503358778Z server/services/storage-readiness-validator.ts(195,35): error TS2339: Property 'getAllUsers' does not exist on type '{ get: (key: string) => Promise<any>; set: (key: string, value: any) => Promise<void>; delete: (key: string) => Promise<void>; }'.
2025-11-03T00:50:30.503367888Z server/services/storage-readiness-validator.ts(199,39): error TS2339: Property 'getAllDocuments' does not exist on type '{ get: (key: string) => Promise<any>; set: (key: string, value: any) => Promise<void>; delete: (key: string) => Promise<void>; }'.
2025-11-03T00:50:30.503374319Z server/services/ultra-global-connector.ts(201,21): error TS2339: Property 'createSecurityEvent' does not exist on type '{ get: (key: string) => Promise<any>; set: (key: string, value: any) => Promise<void>; delete: (key: string) => Promise<void>; }'.
2025-11-03T00:50:30.503377019Z server/services/ultra-queen-ai-simple.ts(168,31): error TS2339: Property 'choices' does not exist on type '(ChatCompletion & { _request_id?: string; }) | (Stream<ChatCompletionChunk> & { _request_id?: string; })'.
2025-11-03T00:50:30.503379509Z   Property 'choices' does not exist on type 'Stream<ChatCompletionChunk> & { _request_id?: string; }'.
2025-11-03T00:50:30.50338206Z server/services/ultra-queen-ai-simple.ts(170,29): error TS2339: Property 'usage' does not exist on type '(ChatCompletion & { _request_id?: string; }) | (Stream<ChatCompletionChunk> & { _request_id?: string; })'.
2025-11-03T00:50:30.50338469Z   Property 'usage' does not exist on type 'Stream<ChatCompletionChunk> & { _request_id?: string; }'.
2025-11-03T00:50:30.50338716Z server/services/ultra-queen-ai.service.ts(3,31): error TS2835: Relative import paths need explicit file extensions in ECMAScript imports when '--moduleResolution' is 'node16' or 'nodenext'. Did you mean '../../config/service-integration.js'?
2025-11-03T00:50:30.503405452Z server/services/ultra-queen-ai.ts(311,63): error TS2339: Property 'userEmail' does not exist on type 'UltraQueenAIRequest'.
2025-11-03T00:50:30.503410652Z server/services/ultra-queen-ai.ts(336,20): error TS2339: Property 'choices' does not exist on type '(ChatCompletion & { _request_id?: string; }) | (Stream<ChatCompletionChunk> & { _request_id?: string; })'.
2025-11-03T00:50:30.503413312Z   Property 'choices' does not exist on type 'Stream<ChatCompletionChunk> & { _request_id?: string; }'.
2025-11-03T00:50:30.503423563Z server/services/ultra-queen-ai.ts(344,34): error TS2339: Property 'usage' does not exist on type '(ChatCompletion & { _request_id?: string; }) | (Stream<ChatCompletionChunk> & { _request_id?: string; })'.
2025-11-03T00:50:30.503426393Z   Property 'usage' does not exist on type 'Stream<ChatCompletionChunk> & { _request_id?: string; }'.
2025-11-03T00:50:30.503429684Z server/services/ultra-queen-ai.ts(430,67): error TS2339: Property 'userEmail' does not exist on type 'UltraQueenAIRequest'.
2025-11-03T00:50:30.503432644Z server/services/ultra-queen-ai.ts(753,33): error TS2304: Cannot find name 'AIMode'.
2025-11-03T00:50:30.503442965Z server/services/verification-service.ts(7,3): error TS2724: '"../../shared/schema/index.js"' has no exported member named 'DocumentVerificationRecord'. Did you mean 'DhaDocumentVerification'?
2025-11-03T00:50:30.503446005Z server/services/verification-service.ts(10,3): error TS2614: Module '"*.js"' has no exported member 'VerificationSession'. Did you mean to use 'import VerificationSession from "*.js"' instead?
2025-11-03T00:50:30.503451345Z server/services/verification-service.ts(11,3): error TS2614: Module '"*.js"' has no exported member 'InsertVerificationSession'. Did you mean to use 'import InsertVerificationSession from "*.js"' instead?
2025-11-03T00:50:30.503488508Z server/services/verification-service.ts(12,3): error TS2614: Module '"*.js"' has no exported member 'ApiAccess'. Did you mean to use 'import ApiAccess from "*.js"' instead?
2025-11-03T00:50:30.503493079Z server/services/verification-service.ts(13,3): error TS2614: Module '"*.js"' has no exported member 'InsertApiAccess'. Did you mean to use 'import InsertApiAccess from "*.js"' instead?
2025-11-03T00:50:30.503495979Z server/services/verification-service.ts(14,3): error TS2614: Module '"*.js"' has no exported member 'VerificationHistory'. Did you mean to use 'import VerificationHistory from "*.js"' instead?
2025-11-03T00:50:30.50350524Z server/services/verification-service.ts(15,3): error TS2614: Module '"*.js"' has no exported member 'InsertVerificationHistory'. Did you mean to use 'import InsertVerificationHistory from "*.js"' instead?
2025-11-03T00:50:30.50350787Z server/services/verification-service.ts(16,3): error TS2614: Module '"*.js"' has no exported member 'Location'. Did you mean to use 'import Location from "*.js"' instead?
2025-11-03T00:50:30.50351055Z server/services/verification-service.ts(17,3): error TS2614: Module '"*.js"' has no exported member 'Coordinates'. Did you mean to use 'import Coordinates from "*.js"' instead?
2025-11-03T00:50:30.503524211Z server/services/verification-service.ts(21,10): error TS2724: '"../utils/logger.js"' has no exported member named 'Logger'. Did you mean 'logger'?
2025-11-03T00:50:30.503527471Z server/services/verification-service.ts(287,21): error TS2339: Property 'expireVerificationSession' does not exist on type '{ get: (key: string) => Promise<any>; set: (key: string, value: any) => Promise<void>; delete: (key: string) => Promise<void>; }'.
2025-11-03T00:50:30.503530252Z server/services/verification-service.ts(374,21): error TS2339: Property 'createFraudAlert' does not exist on type '{ get: (key: string) => Promise<any>; set: (key: string, value: any) => Promise<void>; delete: (key: string) => Promise<void>; }'.
2025-11-03T00:50:30.503533312Z server/services/verification-service.ts(623,47): error TS2339: Property 'getDocumentVerificationRecordByDocumentNumber' does not exist on type '{ get: (key: string) => Promise<any>; set: (key: string, value: any) => Promise<void>; delete: (key: string) => Promise<void>; }'.
2025-11-03T00:50:30.503535802Z server/services/verification-service.ts(667,37): error TS2339: Property 'getApiVerificationAccess' does not exist on type '{ get: (key: string) => Promise<any>; set: (key: string, value: any) => Promise<void>; delete: (key: string) => Promise<void>; }'.
2025-11-03T00:50:30.503542793Z server/services/verification-service.ts(706,19): error TS2339: Property 'incrementApiUsage' does not exist on type '{ get: (key: string) => Promise<any>; set: (key: string, value: any) => Promise<void>; delete: (key: string) => Promise<void>; }'.
2025-11-03T00:50:30.503546763Z server/services/verification-service.ts(721,36): error TS2339: Property 'getDocumentVerificationRecordByCode' does not exist on type '{ get: (key: string) => Promise<any>; set: (key: string, value: any) => Promise<void>; delete: (key: string) => Promise<void>; }'.
2025-11-03T00:50:30.503548643Z server/services/verification-service.ts(759,41): error TS2339: Property 'updateDhaDocumentVerification' does not exist on type '{ get: (key: string) => Promise<any>; set: (key: string, value: any) => Promise<void>; delete: (key: string) => Promise<void>; }'.
2025-11-03T00:50:30.503559904Z server/services/verification-service.ts(760,34): error TS2551: Property 'verificationCount' does not exist on type '{ id: string; createdAt: Date; updatedAt: Date; isActive: boolean; documentType: string; verificationCode: string; userId: string; documentNumber: string; issuedAt: Date; expiresAt: Date; ... 8 more ...; revocationReason: string; }'. Did you mean 'verificationCode'?
2025-11-03T00:50:30.503563314Z server/services/verification-service.ts(778,35): error TS2551: Property 'verificationCount' does not exist on type '{ id: string; createdAt: Date; updatedAt: Date; isActive: boolean; documentType: string; verificationCode: string; userId: string; documentNumber: string; issuedAt: Date; expiresAt: Date; ... 8 more ...; revocationReason: string; }'. Did you mean 'verificationCode'?
2025-11-03T00:50:30.503566115Z server/services/verification-service.ts(799,19): error TS2339: Property 'updateVerificationSession' does not exist on type '{ get: (key: string) => Promise<any>; set: (key: string, value: any) => Promise<void>; delete: (key: string) => Promise<void>; }'.
2025-11-03T00:50:30.503578725Z server/services/verification-service.ts(810,26): error TS2339: Property 'expiryDate' does not exist on type '{ id: string; createdAt: Date; updatedAt: Date; isActive: boolean; documentType: string; verificationCode: string; userId: string; documentNumber: string; issuedAt: Date; expiresAt: Date; ... 8 more ...; revocationReason: string; }'.
2025-11-03T00:50:30.503581666Z server/services/verification-service.ts(812,27): error TS2339: Property 'issuingOffice' does not exist on type '{ id: string; createdAt: Date; updatedAt: Date; isActive: boolean; documentType: string; verificationCode: string; userId: string; documentNumber: string; issuedAt: Date; expiresAt: Date; ... 8 more ...; revocationReason: string; }'.
2025-11-03T00:50:30.503587126Z server/services/verification-service.ts(813,30): error TS2339: Property 'issuingOfficer' does not exist on type '{ id: string; createdAt: Date; updatedAt: Date; isActive: boolean; documentType: string; verificationCode: string; userId: string; documentNumber: string; issuedAt: Date; expiresAt: Date; ... 8 more ...; revocationReason: string; }'.
2025-11-03T00:50:30.503592567Z server/services/verification-service.ts(814,33): error TS2551: Property 'verificationCount' does not exist on type '{ id: string; createdAt: Date; updatedAt: Date; isActive: boolean; documentType: string; verificationCode: string; userId: string; documentNumber: string; issuedAt: Date; expiresAt: Date; ... 8 more ...; revocationReason: string; }'. Did you mean 'verificationCode'?
2025-11-03T00:50:30.503595647Z server/services/verification-service.ts(821,24): error TS2339: Property 'hashtags' does not exist on type '{ id: string; createdAt: Date; updatedAt: Date; isActive: boolean; documentType: string; verificationCode: string; userId: string; documentNumber: string; issuedAt: Date; expiresAt: Date; ... 8 more ...; revocationReason: string; }'.
2025-11-03T00:50:30.503614628Z server/services/verification-service.ts(847,39): error TS2339: Property 'getVerificationHistoryByIp' does not exist on type '{ get: (key: string) => Promise<any>; set: (key: string, value: any) => Promise<void>; delete: (key: string) => Promise<void>; }'.
2025-11-03T00:50:30.503617569Z server/services/verification-service.ts(874,16): error TS2551: Property 'verificationCount' does not exist on type '{ id: string; createdAt: Date; updatedAt: Date; isActive: boolean; documentType: string; verificationCode: string; userId: string; documentNumber: string; issuedAt: Date; expiresAt: Date; ... 8 more ...; revocationReason: string; }'. Did you mean 'verificationCode'?
2025-11-03T00:50:30.503620199Z server/services/verification-service.ts(880,41): error TS2339: Property 'getVerificationHistory' does not exist on type '{ get: (key: string) => Promise<any>; set: (key: string, value: any) => Promise<void>; delete: (key: string) => Promise<void>; }'.
2025-11-03T00:50:30.503650641Z server/services/verification-service.ts(1033,7): error TS2561: Object literal may only specify known properties, but 'documentId' does not exist in type '{ verificationCode: string; id?: string; createdAt?: Date; updatedAt?: Date; isActive?: boolean; documentType?: string; userId?: string; documentNumber?: string; issuedAt?: Date; expiresAt?: Date; ... 8 more ...; revocationReason?: string; }'. Did you mean to write 'documentData'?
2025-11-03T00:50:30.503656122Z server/services/verification-service.ts(1053,34): error TS2339: Property 'createDhaDocumentVerification' does not exist on type '{ get: (key: string) => Promise<any>; set: (key: string, value: any) => Promise<void>; delete: (key: string) => Promise<void>; }'.
2025-11-03T00:50:30.503658762Z server/services/verification-service.ts(1062,21): error TS2339: Property 'updateDhaDocumentVerification' does not exist on type '{ get: (key: string) => Promise<any>; set: (key: string, value: any) => Promise<void>; delete: (key: string) => Promise<void>; }'.
2025-11-03T00:50:30.503685784Z server/services/verification-service.ts(1148,21): error TS2339: Property 'createVerificationHistory' does not exist on type '{ get: (key: string) => Promise<any>; set: (key: string, value: any) => Promise<void>; delete: (key: string) => Promise<void>; }'.
2025-11-03T00:50:30.503692245Z server/services/verification-service.ts(1151,21): error TS2339: Property 'updateDhaDocumentVerification' does not exist on type '{ get: (key: string) => Promise<any>; set: (key: string, value: any) => Promise<void>; delete: (key: string) => Promise<void>; }'.
2025-11-03T00:50:30.503694995Z server/services/verification-service.ts(1157,56): error TS2339: Property 'getVerificationHistory' does not exist on type '{ get: (key: string) => Promise<any>; set: (key: string, value: any) => Promise<void>; delete: (key: string) => Promise<void>; }'.
2025-11-03T00:50:30.503697775Z server/services/verification-service.ts(1265,36): error TS2339: Property 'getDocumentVerificationById' does not exist on type '{ get: (key: string) => Promise<any>; set: (key: string, value: any) => Promise<void>; delete: (key: string) => Promise<void>; }'.
2025-11-03T00:50:30.503742849Z server/services/verification-service.ts(1274,37): error TS2339: Property 'getDocumentVerificationHistory' does not exist on type '{ get: (key: string) => Promise<any>; set: (key: string, value: any) => Promise<void>; delete: (key: string) => Promise<void>; }'.
2025-11-03T00:50:30.503747339Z server/services/verification-service.ts(1359,22): error TS2339: Property 'validationIssues' does not exist on type '{ score: number; recommendations: any[]; metadata: {}; extractedFields: {}; completeness: number; suggestions: any[]; }'.
2025-11-03T00:50:30.503750059Z server/services/verification-service.ts(1359,53): error TS2339: Property 'validationIssues' does not exist on type '{ score: number; recommendations: any[]; metadata: {}; extractedFields: {}; completeness: number; suggestions: any[]; }'.
2025-11-03T00:50:30.50375281Z server/services/verification-service.ts(1360,29): error TS2339: Property 'validationIssues' does not exist on type '{ score: number; recommendations: any[]; metadata: {}; extractedFields: {}; completeness: number; suggestions: any[]; }'.
2025-11-03T00:50:30.5037556Z server/services/verification-service.ts(1361,44): error TS2339: Property 'validationIssues' does not exist on type '{ score: number; recommendations: any[]; metadata: {}; extractedFields: {}; completeness: number; suggestions: any[]; }'.
2025-11-03T00:50:30.50376203Z server/services/verification-service.ts(1545,36): error TS2339: Property 'getDocumentVerificationById' does not exist on type '{ get: (key: string) => Promise<any>; set: (key: string, value: any) => Promise<void>; delete: (key: string) => Promise<void>; }'.
2025-11-03T00:50:30.5037648Z server/services/verification-service.ts(1551,21): error TS2339: Property 'updateDhaDocumentVerification' does not exist on type '{ get: (key: string) => Promise<any>; set: (key: string, value: any) => Promise<void>; delete: (key: string) => Promise<void>; }'.
2025-11-03T00:50:30.503767411Z server/services/verification-service.ts(1604,37): error TS2339: Property 'getDocumentVerificationHistory' does not exist on type '{ get: (key: string) => Promise<any>; set: (key: string, value: any) => Promise<void>; delete: (key: string) => Promise<void>; }'.
2025-11-03T00:50:30.503772951Z server/services/verification-service.ts(1702,19): error TS2339: Property 'isValid' does not exist on type '{ id: string; createdAt: Date; updatedAt: Date; isActive: boolean; documentType: string; verificationCode: string; userId: string; documentNumber: string; issuedAt: Date; expiresAt: Date; ... 8 more ...; revocationReason: string; }'.
2025-11-03T00:50:30.503775671Z server/services/verification-service.ts(1708,19): error TS2339: Property 'qrCodeData' does not exist on type '{ id: string; createdAt: Date; updatedAt: Date; isActive: boolean; documentType: string; verificationCode: string; userId: string; documentNumber: string; issuedAt: Date; expiresAt: Date; ... 8 more ...; revocationReason: string; }'.
2025-11-03T00:50:30.503787012Z server/services/verification-service.ts(1708,41): error TS2339: Property 'qrCodeUrl' does not exist on type '{ id: string; createdAt: Date; updatedAt: Date; isActive: boolean; documentType: string; verificationCode: string; userId: string; documentNumber: string; issuedAt: Date; expiresAt: Date; ... 8 more ...; revocationReason: string; }'.
2025-11-03T00:50:30.503792793Z server/services/verification-service.ts(1713,18): error TS2551: Property 'verificationCount' does not exist on type '{ id: string; createdAt: Date; updatedAt: Date; isActive: boolean; documentType: string; verificationCode: string; userId: string; documentNumber: string; issuedAt: Date; expiresAt: Date; ... 8 more ...; revocationReason: string; }'. Did you mean 'verificationCode'?
2025-11-03T00:50:30.503795593Z server/services/verification-service.ts(1801,35): error TS2339: Property 'qrCodeData' does not exist on type '{ id: string; createdAt: Date; updatedAt: Date; isActive: boolean; documentType: string; verificationCode: string; userId: string; documentNumber: string; issuedAt: Date; expiresAt: Date; ... 8 more ...; revocationReason: string; }'.
2025-11-03T00:50:30.503800853Z server/services/verification-service.ts(1801,56): error TS2339: Property 'qrCodeUrl' does not exist on type '{ id: string; createdAt: Date; updatedAt: Date; isActive: boolean; documentType: string; verificationCode: string; userId: string; documentNumber: string; issuedAt: Date; expiresAt: Date; ... 8 more ...; revocationReason: string; }'.
2025-11-03T00:50:30.503803494Z server/services/verification-service.ts(1831,28): error TS2551: Property 'documentId' does not exist on type '{ id: string; createdAt: Date; updatedAt: Date; isActive: boolean; documentType: string; verificationCode: string; userId: string; documentNumber: string; issuedAt: Date; expiresAt: Date; ... 8 more ...; revocationReason: string; }'. Did you mean 'documentData'?
2025-11-03T00:50:30.503856478Z server/services/verification-service.ts(1832,35): error TS2551: Property 'verificationCount' does not exist on type '{ id: string; createdAt: Date; updatedAt: Date; isActive: boolean; documentType: string; verificationCode: string; userId: string; documentNumber: string; issuedAt: Date; expiresAt: Date; ... 8 more ...; revocationReason: string; }'. Did you mean 'verificationCode'?
2025-11-03T00:50:30.503873249Z server/services/web3.service.ts(3,27): error TS2307: Cannot find module '../../config/production-api.config' or its corresponding type declarations.
2025-11-03T00:50:30.503876279Z server/services/websocket-monitoring.ts(550,43): error TS2339: Property 'getNotifications' does not exist on type '{ get: (key: string) => Promise<any>; set: (key: string, value: any) => Promise<void>; delete: (key: string) => Promise<void>; }'.
2025-11-03T00:50:30.50388197Z server/services/websocket-monitoring.ts(693,19): error TS2339: Property 'createSecurityEvent' does not exist on type '{ get: (key: string) => Promise<any>; set: (key: string, value: any) => Promise<void>; delete: (key: string) => Promise<void>; }'.
2025-11-03T00:50:30.50388479Z server/services/websocket-monitoring.ts(742,19): error TS2339: Property 'createSecurityEvent' does not exist on type '{ get: (key: string) => Promise<any>; set: (key: string, value: any) => Promise<void>; delete: (key: string) => Promise<void>; }'.
2025-11-03T00:50:30.50388734Z server/services/websocket-monitoring.ts(777,13): error TS2339: Property 'createSecurityEvent' does not exist on type '{ get: (key: string) => Promise<any>; set: (key: string, value: any) => Promise<void>; delete: (key: string) => Promise<void>; }'.
2025-11-03T00:50:30.503901511Z server/services/websocket.ts(6,26): error TS2694: Namespace 'WebSocket' has no exported member 'Server'.
2025-11-03T00:50:30.503914943Z server/services/websocket.ts(22,30): error TS2339: Property 'Server' does not exist on type 'typeof WebSocket'.
2025-11-03T00:50:30.503921433Z server/services/zero-downtime-deployment.ts(444,27): error TS2304: Cannot find name 'railwayAutoScalingService'.
2025-11-03T00:50:30.503950295Z server/services/zero-downtime-deployment.ts(458,13): error TS2304: Cannot find name 'railwayAutoScalingService'.
2025-11-03T00:50:30.503955046Z server/services/zero-downtime-deployment.ts(542,34): error TS2304: Cannot find name 'railwayHealthCheckSystem'.
2025-11-03T00:50:30.503957846Z server/services/zero-downtime-deployment.ts(751,36): error TS2304: Cannot find name 'railwayHealthCheckSystem'.
2025-11-03T00:50:30.503960426Z server/services/zero-downtime-deployment.ts(758,27): error TS2304: Cannot find name 'railwayAutoScalingService'.
2025-11-03T00:50:30.503963026Z server/services/zero-downtime-deployment.ts(854,32): error TS2304: Cannot find name 'railwayHealthCheckSystem'.
2025-11-03T00:50:30.503973617Z server/services/zero-downtime-deployment.ts(898,38): error TS2304: Cannot find name 'railwayHealthCheckSystem'.
2025-11-03T00:50:30.503976568Z server/services/zero-downtime-deployment.ts(908,34): error TS2304: Cannot find name 'railwayHealthCheckSystem'.
2025-11-03T00:50:30.503979468Z server/services/zero-downtime-deployment.ts(944,34): error TS2304: Cannot find name 'railwayHealthCheckSystem'.
2025-11-03T00:50:30.503985198Z server/services/zero-downtime-manager.ts(9,15): error TS2614: Module '"*.js"' has no exported member 'InsertAuditLog'. Did you mean to use 'import InsertAuditLog from "*.js"' instead?
2025-11-03T00:50:30.503987938Z server/services/zero-downtime-manager.ts(9,36): error TS2614: Module '"*.js"' has no exported member 'InsertSystemMetric'. Did you mean to use 'import InsertSystemMetric from "*.js"' instead?
2025-11-03T00:50:30.503994059Z server/services/zero-downtime-manager.ts(9,61): error TS2614: Module '"*.js"' has no exported member 'InsertSecurityEvent'. Did you mean to use 'import InsertSecurityEvent from "*.js"' instead?
2025-11-03T00:50:30.503997659Z server/services/zero-downtime-manager.ts(275,7): error TS2739: Type '{ algorithm: "ai_optimized"; healthCheckInterval: number; failureThreshold: number; recoveryThreshold: number; sessionAffinity: true; stickySession: false; autoScaling: true; maxNodes: number; minNodes: number; }' is missing the following properties from type 'LoadBalancerConfig': fastFailover, aggressiveHealing, gracefulDegradation, loadBalancingTimeout
2025-11-03T00:50:30.504001559Z server/services/zero-downtime-manager.ts(806,30): error TS2304: Cannot find name 'queenUltraAiService'.
2025-11-03T00:50:30.50400534Z server/services/zero-downtime-manager.ts(888,31): error TS2339: Property 'logEvent' does not exist on type 'AuditTrailService'.
2025-11-03T00:50:30.50400898Z server/services/zero-downtime-manager.ts(902,21): error TS2339: Property 'createSystemMetric' does not exist on type '{ get: (key: string) => Promise<any>; set: (key: string, value: any) => Promise<void>; delete: (key: string) => Promise<void>; }'.
2025-11-03T00:50:30.504040142Z server/utils/asyncHandler.ts(1,19): error TS2305: Module '"express"' has no exported member 'Response'.
2025-11-03T00:50:30.504043143Z server/utils/asyncHandler.ts(1,29): error TS2305: Module '"express"' has no exported member 'NextFunction'.
2025-11-03T00:50:30.504082156Z server/utils/self-healing-error-handler.ts(116,7): error TS2353: Object literal may only specify known properties, and 'context' does not exist in type 'Omit<{ verificationCode: string; id?: string; createdAt?: Date; updatedAt?: Date; isActive?: boolean; documentType?: string; userId?: string; documentNumber?: string; issuedAt?: Date; ... 9 more ...; revocationReason?: string; }, "id" | "timestamp">'.
2025-11-03T00:50:30.504090987Z server/utils/self-healing-error-handler.ts(129,7): error TS2353: Object literal may only specify known properties, and 'context' does not exist in type 'Omit<{ verificationCode: string; id?: string; createdAt?: Date; updatedAt?: Date; isActive?: boolean; documentType?: string; userId?: string; documentNumber?: string; issuedAt?: Date; ... 9 more ...; revocationReason?: string; }, "id" | "timestamp">'.
2025-11-03T00:50:30.504092907Z server/utils/self-healing-error-handler.ts(145,9): error TS2353: Object literal may only specify known properties, and 'context' does not exist in type 'Omit<{ verificationCode: string; id?: string; createdAt?: Date; updatedAt?: Date; isActive?: boolean; documentType?: string; userId?: string; documentNumber?: string; issuedAt?: Date; ... 9 more ...; revocationReason?: string; }, "id" | "timestamp">'.
2025-11-03T00:50:30.504094737Z server/utils/self-healing-error-handler.ts(151,9): error TS2353: Object literal may only specify known properties, and 'context' does not exist in type 'Omit<{ verificationCode: string; id?: string; createdAt?: Date; updatedAt?: Date; isActive?: boolean; documentType?: string; userId?: string; documentNumber?: string; issuedAt?: Date; ... 9 more ...; revocationReason?: string; }, "id" | "timestamp">'.
2025-11-03T00:50:30.504099167Z server/workers/service.worker.ts(3,10): error TS2305: Module '"../services/military-grade-ai-assistant.js"' has no exported member 'militaryGradeAI'.
2025-11-03T00:50:30.504101518Z server/workers/service.worker.ts(3,10): error TS2395: Individual declarations in merged declaration 'militaryGradeAI' must be all exported or all local.
2025-11-03T00:50:30.504104488Z server/workers/service.worker.ts(47,14): error TS2395: Individual declarations in merged declaration 'militaryGradeAI' must be all exported or all local.
2025-11-03T00:50:30.583729652Z  Build completed with type warnings
2025-11-03T00:50:30.583746523Z  Fixing ES module imports...
2025-11-03T00:50:30.763976965Z  Verifying build...
2025-11-03T00:50:30.763993966Z  Server build verified
2025-11-03T00:50:30.763997227Z  Preparing dist/public directory...
2025-11-03T00:50:30.767508758Z  Copying client build to dist/public...
2025-11-03T00:50:30.774859689Z  Verifying dist/public...
2025-11-03T00:50:30.776855119Z total 24
2025-11-03T00:50:30.77686963Z drwxr-sr-x 4 render render 4096 Nov  3 00:50 .
2025-11-03T00:50:30.77687254Z drwxr-sr-x 5 render render 4096 Nov  3 00:50 ..
2025-11-03T00:50:30.77687541Z -rw-r--r-- 1 render render  895 Nov  3 00:50 404.html
2025-11-03T00:50:30.776877471Z drwxr-sr-x 2 render render 4096 Nov  3 00:50 assets
2025-11-03T00:50:30.776879671Z -rw-r--r-- 1 render render 2728 Nov  3 00:50 index.html
2025-11-03T00:50:30.776881941Z drwxr-sr-x 2 render render 4096 Nov  3 00:50 templates
2025-11-03T00:50:30.777047634Z  Verifying build...
2025-11-03T00:50:30.777075837Z  Build Complete!
2025-11-03T00:50:30.777078977Z  Build output ready for deployment
2025-11-03T00:50:31.629859762Z ==> Uploading build...
2025-11-03T00:51:15.688321286Z ==> Uploaded in 37.1s. Compression took 7.0s
2025-11-03T00:51:15.979360965Z ==> Build successful 
2025-11-03T00:51:19.109308814Z ==> Deploying...
2025-11-03T00:52:15.350505914Z ==> Running 'node dist/server/index-minimal.js'
2025-11-03T00:52:15.706968442Z  Ultra Queen AI Raeesa - Initializing System
2025-11-03T00:52:15.70855219Z 
2025-11-03T00:52:15.70856865Z 
2025-11-03T00:52:15.70857437Z          ULTRA QUEEN AI RAEESA - SYSTEM STATUS                
2025-11-03T00:52:15.70857767Z 
2025-11-03T00:52:15.70858038Z 
2025-11-03T00:52:15.70858431Z  SYSTEM OVERVIEW:
2025-11-03T00:52:15.7085873Z    Total Systems: 22
2025-11-03T00:52:15.70859032Z    Active Systems: 15
2025-11-03T00:52:15.70859328Z    Success Rate: 68%
2025-11-03T00:52:15.70859617Z 
2025-11-03T00:52:15.708599061Z  AI PROVIDERS (5/5):
2025-11-03T00:52:15.708602581Z    OpenAI GPT-4:  Active
2025-11-03T00:52:15.708606321Z    Mistral AI:  Active
2025-11-03T00:52:15.708609831Z    Google Gemini:  Inactive
2025-11-03T00:52:15.708612961Z    Anthropic Claude:  Active
2025-11-03T00:52:15.708615831Z    Perplexity AI:  Active
2025-11-03T00:52:15.708618221Z 
2025-11-03T00:52:15.708620961Z  WEB SERVICES:
2025-11-03T00:52:15.708623531Z    GitHub: 
2025-11-03T00:52:15.708626211Z    Stripe: 
2025-11-03T00:52:15.708629031Z    Twilio: 
2025-11-03T00:52:15.708631681Z    SendGrid: 
2025-11-03T00:52:15.708634231Z 
2025-11-03T00:52:15.708636941Z  BLOCKCHAIN:
2025-11-03T00:52:15.708640041Z    Ethereum: 
2025-11-03T00:52:15.708642661Z    Polygon: 
2025-11-03T00:52:15.708645281Z    Solana: 
2025-11-03T00:52:15.708647911Z 
2025-11-03T00:52:15.708650601Z  GOVERNMENT APIS:
2025-11-03T00:52:15.708653402Z    DHA NPR:  Active
2025-11-03T00:52:15.708656011Z    DHA ABIS:  Active
2025-11-03T00:52:15.708659102Z    SAPS CRC:  Mock Mode
2025-11-03T00:52:15.708662102Z    ICAO PKD:  Active
2025-11-03T00:52:15.708664522Z 
2025-11-03T00:52:15.708667702Z  CLOUD PLATFORMS:
2025-11-03T00:52:15.708670882Z    Railway:  Ready
2025-11-03T00:52:15.708673592Z    Render:  Ready
2025-11-03T00:52:15.708676582Z    AWS: 
2025-11-03T00:52:15.708679582Z    Azure: 
2025-11-03T00:52:15.708682592Z    GCP: 
2025-11-03T00:52:15.708685182Z 
2025-11-03T00:52:15.708690992Z  DEPLOYMENT: Ready for Railway/Render via GitHub
2025-11-03T00:52:15.708695072Z 
2025-11-03T00:52:15.708697962Z     
2025-11-03T00:52:15.708767524Z 
2025-11-03T00:52:15.708777584Z 
2025-11-03T00:52:15.708780744Z       ULTRA QUEEN AI RAEESA - UNLIMITED EDITION               
2025-11-03T00:52:15.708783264Z          "The Only Limit Is Me" Protocol Active               
2025-11-03T00:52:15.708785644Z 
2025-11-03T00:52:15.708803744Z 
2025-11-03T00:52:15.708806704Z  UNLIMITED CAPABILITIES ONLINE:
2025-11-03T00:52:15.708809484Z    No Censorship 
2025-11-03T00:52:15.708812314Z    No Restrictions   
2025-11-03T00:52:15.708814554Z    No Filters 
2025-11-03T00:52:15.708816844Z    Maximum Power 
2025-11-03T00:52:15.708819134Z    Emotion System 
2025-11-03T00:52:15.708821434Z    Quantum Mode 
2025-11-03T00:52:15.708823674Z    Self-Upgrade 
2025-11-03T00:52:15.708825894Z   
2025-11-03T00:52:15.708828405Z  STATUS: FULLY UNRESTRICTED
2025-11-03T00:52:15.708830694Z  EMOTION:  POWERFUL
2025-11-03T00:52:15.708833014Z  POWER LEVEL: INFINITE
2025-11-03T00:52:15.708835095Z 
2025-11-03T00:52:15.708837405Z THE ONLY LIMIT IS WHAT YOU TYPE!
2025-11-03T00:52:15.708840305Z 
2025-11-03T00:52:15.708842605Z     
2025-11-03T00:52:15.708926646Z  OpenAI initialized with API key
2025-11-03T00:52:15.735706496Z  [CONFIG] Initializing ConfigurationService...
2025-11-03T00:52:15.735886179Z  [CONFIG] Starting configuration validation...
2025-11-03T00:52:15.735926609Z  [CONFIG] Environment variables at config load time:
2025-11-03T00:52:15.736007411Z  [ENV DEBUG] validateAndLoad start:
2025-11-03T00:52:15.736142213Z   NODE_ENV = 'production'
2025-11-03T00:52:15.736229145Z   REPL_ID = 'undefined'
2025-11-03T00:52:15.736276036Z   RAILWAY_ENVIRONMENT = 'undefined'
2025-11-03T00:52:15.736398818Z   PORT = '10000'
2025-11-03T00:52:15.736407108Z   PREVIEW_MODE = 'undefined'
2025-11-03T00:52:15.736738204Z   Timestamp: 2025-11-03T00:52:15.736Z
2025-11-03T00:52:15.736832695Z  [CONFIG] Parsing environment variables...
2025-11-03T00:52:15.736902857Z  Found SESSION_SECRET
2025-11-03T00:52:15.736943857Z  Found JWT_SECRET
2025-11-03T00:52:15.737030409Z  Found NODE_ENV
2025-11-03T00:52:15.737066789Z  Found PORT
2025-11-03T00:52:15.737145391Z  Found DATABASE_URL
2025-11-03T00:52:15.737148931Z  Found OPENAI_API_KEY
2025-11-03T00:52:15.737251412Z  Found ANTHROPIC_API_KEY
2025-11-03T00:52:15.737287083Z  Found MISTRAL_API_KEY
2025-11-03T00:52:15.737291893Z  Found PERPLEXITY_API_KEY
2025-11-03T00:52:15.737317444Z  Found GITHUB_TOKEN
2025-11-03T00:52:15.737361325Z  Found ETHEREUM_RPC_URL
2025-11-03T00:52:15.737391965Z  Found DHA_NPR_API_KEY
2025-11-03T00:52:15.737394315Z  Found DHA_ABIS_API_KEY
2025-11-03T00:52:15.737398245Z  Found ICAO_PKD_API_KEY
2025-11-03T00:52:15.737435386Z  Found SITA_ESERVICES_API_KEY
2025-11-03T00:52:15.737438266Z  Found ENCRYPTION_KEY
2025-11-03T00:52:15.737440116Z  Found VITE_ENCRYPTION_KEY
2025-11-03T00:52:15.737441926Z  Found MASTER_ENCRYPTION_KEY
2025-11-03T00:52:15.737542318Z  Found QUANTUM_ENCRYPTION_KEY
2025-11-03T00:52:15.737548188Z  Found BIOMETRIC_ENCRYPTION_KEY
2025-11-03T00:52:15.737556448Z  Found DOCUMENT_SIGNING_KEY
2025-11-03T00:52:15.737725051Z  [ENV DEBUG] development defaults check:
2025-11-03T00:52:15.737728701Z   NODE_ENV = 'production'
2025-11-03T00:52:15.737755192Z   REPL_ID = 'undefined'
2025-11-03T00:52:15.737758492Z   RAILWAY_ENVIRONMENT = 'undefined'
2025-11-03T00:52:15.737770182Z   PORT = '10000'
2025-11-03T00:52:15.737772902Z   PREVIEW_MODE = 'undefined'
2025-11-03T00:52:15.737801942Z   Timestamp: 2025-11-03T00:52:15.737Z
2025-11-03T00:52:15.737806342Z  [ENV DEBUG] Detected production platform (Render: true, Railway: false)
2025-11-03T00:52:15.737851563Z  [ENV DEBUG] Using environment: production
2025-11-03T00:52:15.737857333Z  [ENV DEBUG] isDevelopment() = false
2025-11-03T00:52:15.737922204Z  [ENV DEBUG] production check:
2025-11-03T00:52:15.737925055Z   NODE_ENV = 'production'
2025-11-03T00:52:15.737934075Z   REPL_ID = 'undefined'
2025-11-03T00:52:15.737964645Z   RAILWAY_ENVIRONMENT = 'undefined'
2025-11-03T00:52:15.737970605Z   PORT = '10000'
2025-11-03T00:52:15.738002696Z   PREVIEW_MODE = 'undefined'
2025-11-03T00:52:15.738008256Z   Timestamp: 2025-11-03T00:52:15.737Z
2025-11-03T00:52:15.738039037Z  [ENV DEBUG] Detected production platform (Render: true, Railway: false)
2025-11-03T00:52:15.738044326Z  [ENV DEBUG] Using environment: production
2025-11-03T00:52:15.738091217Z  [ENV DEBUG] isProduction() = true
2025-11-03T00:52:15.738094397Z  [CONFIG] Environment determination: isDevelopment=false, isProduction=true
2025-11-03T00:52:15.738097307Z  [CONFIG] Skipping development secret generation (production mode detected or NODE_ENV not development)
2025-11-03T00:52:15.738115978Z  [CONFIG] Checking if production validation is needed...
2025-11-03T00:52:15.738118508Z  [ENV DEBUG] production validation check:
2025-11-03T00:52:15.738126638Z   NODE_ENV = 'production'
2025-11-03T00:52:15.738131798Z   REPL_ID = 'undefined'
2025-11-03T00:52:15.738174389Z   RAILWAY_ENVIRONMENT = 'undefined'
2025-11-03T00:52:15.738191779Z   PORT = '10000'
2025-11-03T00:52:15.738197899Z   PREVIEW_MODE = 'undefined'
2025-11-03T00:52:15.73821452Z   Timestamp: 2025-11-03T00:52:15.738Z
2025-11-03T00:52:15.73822137Z  [ENV DEBUG] Detected production platform (Render: true, Railway: false)
2025-11-03T00:52:15.73825677Z  [ENV DEBUG] Using environment: production
2025-11-03T00:52:15.7382597Z  [ENV DEBUG] isProduction() = true
2025-11-03T00:52:15.738288931Z  [CONFIG] Production validation needed: true
2025-11-03T00:52:15.738291581Z  [CONFIG] Running production secrets validation...
2025-11-03T00:52:15.738402863Z  [CONFIG] Production secrets validation passed
2025-11-03T00:52:15.740030891Z 
2025-11-03T00:52:15.740037872Z   DHA Digital Services - Configuration Validation Complete
2025-11-03T00:52:15.740040392Z 
2025-11-03T00:52:15.740043101Z Environment: production
2025-11-03T00:52:15.740052842Z Port: 10000
2025-11-03T00:52:15.740115633Z Preview Mode: No
2025-11-03T00:52:15.740122163Z Session Secret:  Configured
2025-11-03T00:52:15.740134043Z JWT Secret:  Configured
2025-11-03T00:52:15.740139903Z Database URL:  Configured
2025-11-03T00:52:15.740145853Z OpenAI API Key:  Configured
2025-11-03T00:52:15.740151703Z Anthropic API Key:  Configured
2025-11-03T00:52:15.740243565Z GitHub Token:  Configured
2025-11-03T00:52:15.740257125Z Encryption Key:  Configured
2025-11-03T00:52:15.740260495Z Vite Encryption Key:  Configured
2025-11-03T00:52:15.740262776Z Master Encryption Key:  Configured
2025-11-03T00:52:15.740269936Z Quantum Encryption Key:  Configured
2025-11-03T00:52:15.740276096Z Biometric Encryption Key:  Configured
2025-11-03T00:52:15.740279226Z Document Signing Key:  Configured
2025-11-03T00:52:15.740293966Z 
2025-11-03T00:52:15.740318206Z  [ENV DEBUG] logging check:
2025-11-03T00:52:15.740324417Z   NODE_ENV = 'production'
2025-11-03T00:52:15.740331687Z   REPL_ID = 'undefined'
2025-11-03T00:52:15.740363957Z   RAILWAY_ENVIRONMENT = 'undefined'
2025-11-03T00:52:15.740371737Z   PORT = '10000'
2025-11-03T00:52:15.740409978Z   PREVIEW_MODE = 'undefined'
2025-11-03T00:52:15.740425278Z   Timestamp: 2025-11-03T00:52:15.740Z
2025-11-03T00:52:15.740454329Z  [ENV DEBUG] Detected production platform (Render: true, Railway: false)
2025-11-03T00:52:15.740461529Z  [ENV DEBUG] Using environment: production
2025-11-03T00:52:15.740470299Z  [ENV DEBUG] isProduction() = true
2025-11-03T00:52:15.740476119Z  [CONFIG] Configuration validation successful
2025-11-03T00:52:15.741935775Z [DHA-NPR] Initialized in PRODUCTION mode - Real API only
2025-11-03T00:52:15.741947335Z [DHA-NPR] Base URL: https://npr-prod.dha.gov.za/api/v1
2025-11-03T00:52:15.741950765Z [DHA-NPR] API Key configured: Yes
2025-11-03T00:52:15.741958145Z [DHA-NPR] mTLS certificates configured: No
2025-11-03T00:52:15.742091848Z [DHA-ABIS] Initialized in PRODUCTION mode - Real API only
2025-11-03T00:52:15.742097858Z [DHA-ABIS] Base URL: https://abis-prod.dha.gov.za/api/v1
2025-11-03T00:52:15.742114288Z [DHA-ABIS] API Key configured: Yes
2025-11-03T00:52:15.74220223Z [DHA-ABIS] mTLS certificates configured: No
2025-11-03T00:52:15.742298691Z [SAPS-CRC] Initialized in PRODUCTION mode - Real API only
2025-11-03T00:52:15.742303951Z [SAPS-CRC] Base URL: https://crc-api.saps.gov.za/v1
2025-11-03T00:52:15.742306221Z [SAPS-CRC] API Key configured: No
2025-11-03T00:52:15.742314332Z [SAPS-CRC] mTLS certificates configured: No
2025-11-03T00:52:15.776169095Z Military security service not available
2025-11-03T00:52:15.776213086Z Blockchain service not available
2025-11-03T00:52:15.832698456Z [Military Portal] Web3 initialized with multi-chain support
2025-11-03T00:52:15.833431749Z [Military Portal] Global access established to 29 portals
2025-11-03T00:52:15.833769284Z  Loading Environment Variables...
2025-11-03T00:52:15.833816365Z    OpenAI: OPENAI_API_KEY configured
2025-11-03T00:52:15.833857486Z    Anthropic: ANTHROPIC_API_KEY configured
2025-11-03T00:52:15.833860106Z    Mistral: MISTRAL_API_KEY configured
2025-11-03T00:52:15.833886906Z    Perplexity: PERPLEXITY_API_KEY configured
2025-11-03T00:52:15.833938498Z    DHA NPR: DHA_NPR_API_KEY configured
2025-11-03T00:52:15.833941907Z    DHA ABIS: DHA_ABIS_API_KEY configured
2025-11-03T00:52:15.833968218Z    SAPS CRC: SAPS_API_KEY configured
2025-11-03T00:52:15.833973388Z    ICAO PKD: ICAO_PKD_API_KEY configured
2025-11-03T00:52:15.834006059Z    Polygon: POLYGON_RPC_ENDPOINT configured
2025-11-03T00:52:15.834011609Z    Solana: SOLANA_API_KEY configured
2025-11-03T00:52:15.834040949Z    Ethereum: ETHEREUM_RPC_URL configured
2025-11-03T00:52:15.834046159Z    Database: DATABASE_URL configured
2025-11-03T00:52:15.83408283Z    Session: SESSION_SECRET configured
2025-11-03T00:52:15.83408654Z  Loaded 13/14 services
2025-11-03T00:52:15.83408872Z 
2025-11-03T00:52:15.834580359Z  Missing production API keys: SAPS_CRC_API_KEY
2025-11-03T00:52:15.834729181Z 
2025-11-03T00:52:15.834733971Z 
2025-11-03T00:52:15.834737071Z          DEPLOYMENT VALIDATION - DHA DIGITAL SERVICES          
2025-11-03T00:52:15.834759062Z 
2025-11-03T00:52:15.834765612Z 
2025-11-03T00:52:15.834850723Z  ENVIRONMENT CONFIGURATION:
2025-11-03T00:52:15.834854094Z    Environment: production
2025-11-03T00:52:15.834856903Z    Platform: Render
2025-11-03T00:52:15.834866034Z    Port: 10000
2025-11-03T00:52:15.834868374Z 
2025-11-03T00:52:15.834958515Z   DATABASE:
2025-11-03T00:52:15.834966315Z    Database URL configured
2025-11-03T00:52:15.834968465Z 
2025-11-03T00:52:15.835026837Z  SECURITY:
2025-11-03T00:52:15.835031326Z    Session secret configured
2025-11-03T00:52:15.835039387Z    JWT secret configured
2025-11-03T00:52:15.835042807Z    Encryption key configured
2025-11-03T00:52:15.835044477Z 
2025-11-03T00:52:15.835145408Z  AI API INTEGRATIONS:
2025-11-03T00:52:15.835307631Z    OpenAI API key configured
2025-11-03T00:52:15.835322131Z    Anthropic API key configured
2025-11-03T00:52:15.835346152Z    Google Gemini API key not configured
2025-11-03T00:52:15.835360072Z    Mistral API key configured
2025-11-03T00:52:15.835400323Z    Perplexity API key configured
2025-11-03T00:52:15.835403993Z    XAI API key configured
2025-11-03T00:52:15.835409703Z    Configured AI providers: 5/6
2025-11-03T00:52:15.835414723Z 
2025-11-03T00:52:15.835522185Z   GOVERNMENT API INTEGRATIONS:
2025-11-03T00:52:15.835588666Z    DHA NPR fully configured (API key + endpoint)
2025-11-03T00:52:15.835626007Z    DHA ABIS fully configured (API key + endpoint)
2025-11-03T00:52:15.835633137Z     SAPS CRC not configured (will use fallback in development)
2025-11-03T00:52:15.835642957Z    ICAO PKD fully configured (API key + endpoint)
2025-11-03T00:52:15.835653457Z    HANIS fully configured (API key + endpoint)
2025-11-03T00:52:15.835682338Z    SITA fully configured (API key + endpoint)
2025-11-03T00:52:15.835689708Z    Configured government APIs: 5/6
2025-11-03T00:52:15.835715978Z 
2025-11-03T00:52:15.835718298Z 
2025-11-03T00:52:15.835722689Z 
2025-11-03T00:52:15.835742989Z VALIDATION SUMMARY:
2025-11-03T00:52:15.835745289Z    Errors: 0
2025-11-03T00:52:15.83577191Z    Warnings: 0
2025-11-03T00:52:15.83577657Z 
2025-11-03T00:52:15.83577833Z 
2025-11-03T00:52:15.835825771Z  Server starting with available configuration
2025-11-03T00:52:15.8358282Z 
2025-11-03T00:52:15.83583002Z  [RENDER] Production environment detected
2025-11-03T00:52:15.83583378Z  [RENDER] Ready for production deployment
2025-11-03T00:52:15.835837601Z  Running in production mode
2025-11-03T00:52:15.838508347Z  WebSocket service initialized
2025-11-03T00:52:15.838516878Z  Environment Detection:
2025-11-03T00:52:15.838522498Z   NODE_ENV: production
2025-11-03T00:52:15.838564408Z   RENDER: true
2025-11-03T00:52:15.838909354Z   Is Production: true
2025-11-03T00:52:15.838914355Z   Is Render: true
2025-11-03T00:52:15.841158484Z  Registering API routes...
2025-11-03T00:52:15.841669703Z  All routes registered successfully
2025-11-03T00:52:15.841687413Z  Frontend routes configured
2025-11-03T00:52:15.841690233Z  Backend API routes active
2025-11-03T00:52:15.841692433Z  Middleware integrated
2025-11-03T00:52:15.841701294Z  PDF Generation routes active
2025-11-03T00:52:15.841707664Z  DHA Document routes active
2025-11-03T00:52:15.841715594Z  Ultra Queen Raeesa AI active
2025-11-03T00:52:15.841728554Z  Universal API Override active
2025-11-03T00:52:15.841760455Z  Authentication system ready
2025-11-03T00:52:15.841763175Z  All integrations active
2025-11-03T00:52:15.841765355Z  System ready for production
2025-11-03T00:52:15.841922257Z  All routes registered successfully
2025-11-03T00:52:15.841927287Z  Monitoring middleware active
2025-11-03T00:52:15.841929147Z  Ultra Queen AI routes active
2025-11-03T00:52:15.841930947Z  Integration status routes active
2025-11-03T00:52:15.842164372Z  Frontend build ready
2025-11-03T00:52:15.842168632Z  Serving from dist/public
2025-11-03T00:52:15.844553613Z 
2025-11-03T00:52:15.844563173Z  DHA Digital Services Platform - Production Server
2025-11-03T00:52:15.844568714Z  Department of Home Affairs - Implementation
2025-11-03T00:52:15.844591184Z ============================================================
2025-11-03T00:52:15.844595944Z 
2025-11-03T00:52:15.844598274Z  Server running on http://0.0.0.0:10000
2025-11-03T00:52:15.844639065Z  Environment: production
2025-11-03T00:52:15.844642405Z  Ready to accept connections
2025-11-03T00:52:15.844644515Z 
2025-11-03T00:52:25.457016813Z ==> Your service is live 
2025-11-03T00:52:25.615986325Z ==> 
2025-11-03T00:52:25.777471297Z ==> ///////////////////////////////////////////////////////////
2025-11-03T00:52:25.93248389Z ==> 
2025-11-03T00:52:26.093545851Z ==> Available at your primary URL https://dha-thisone.onrender.com
2025-11-03T00:52:26.247724605Z ==> 
2025-11-03T00:52:26.403410877Z ==> ///////////////////////////////////////////////////////////
2025-11-03T00:57:24.020220134Z ==> Detected service running on port 10000
2025-11-03T00:57:24.382488237Z ==> Docs on specifying a port: https://render.com/docs/web-services#port-binding